head:fd 83 0 0 0 1 1 0 0 0 
payload:61 61 61 61 af ff ff 9 eb 80 af af af 0 ff 96 d6 ca 1 af 92 e7 f7 6c 5a 5a 5a 5a 5a 5a 5a 5a 5a 5a 5a 5a 41 5a 5a 5a 0 0 be 1d 6e 64 0 47 47 47 47 47 27 3d 0 0 47 47 47 47 52 47 30 2c 2c ff ff ff ff 7f ff 30 ff ea ff ff ff ff ff ff ff 1b 0 4d ff 20 ff 1 0 1f d7 0 5b 5b 5b 5b 5b 5b 5b 5b 5b 5b 5b 5b 5b 5b 5b 5b e2 0 0 d6 61 0 0 61 41 61 d6 e2 94 e9 0 0 0 0 d6 61 d6 80 5b 
ck:dd bb 
head:fd 34 0 0 1 1 1 94 0 0 
payload:ef e4 0 0 0 0 0 0 4f 4e 49 44 4c 41 54 49 c0 0 b 1 c0 0 b 1 ff 0 8 5 1 0 0 0 0 0 0 0 0 0 0 88 c5 b d 85 0 0 0 88 c5 b d 85 
ck:fc f1 
head:fd 19 0 0 2 1 1 16 0 0 
payload:b ce 39 4e 8b 2 ff ff 5f 48 41 53 48 5f 43 48 45 43 4b 0 0 0 0 0 5 
ck:7 4f 
head:fd 19 0 0 3 1 1 16 0 0 
payload:0 0 80 bf 8b 2 0 0 42 41 54 31 5f 43 41 50 41 43 49 54 59 0 0 0 9 
ck:f7 38 
head:fd 19 0 0 4 1 1 16 0 0 
payload:4 0 0 0 8b 2 1 0 42 41 54 31 5f 4e 5f 43 45 4c 4c 53 0 0 0 0 6 
ck:b7 8 
head:fd 19 0 0 5 1 1 16 0 0 
payload:0 0 80 bf 8b 2 2 0 42 41 54 31 5f 52 5f 49 4e 54 45 52 4e 41 4c 0 9 
ck:6c a7 
head:fd 19 0 0 6 1 1 16 0 0 
payload:0 0 0 0 8b 2 3 0 42 41 54 31 5f 53 4f 55 52 43 45 0 0 0 0 0 6 
ck:db 7e 
head:fd 19 0 0 7 1 1 16 0 0 
payload:9a 99 81 40 8b 2 4 0 42 41 54 31 5f 56 5f 43 48 41 52 47 45 44 0 0 9 
ck:25 4 
head:fd 19 0 0 8 1 1 16 0 0 
payload:0 0 60 40 8b 2 5 0 42 41 54 31 5f 56 5f 45 4d 50 54 59 0 0 0 0 9 
ck:d 46 
head:fd 19 0 0 9 1 1 16 0 0 
payload:9a 99 99 3e 8b 2 6 0 42 41 54 31 5f 56 5f 4c 4f 41 44 5f 44 52 4f 50 9 
ck:19 63 
head:fd 19 0 0 a 1 1 16 0 0 
payload:0 0 80 bf 8b 2 7 0 42 41 54 5f 41 5f 50 45 52 5f 56 0 0 0 0 0 9 
ck:fa e8 
head:fd 19 0 0 b 1 1 16 0 0 
payload:0 0 80 bf 8b 2 8 0 42 41 54 5f 43 41 50 41 43 49 54 59 0 0 0 0 9 
ck:7e d 
head:fd 19 0 0 c 1 1 16 0 0 
payload:29 5c 8f 3d 8b 2 9 0 42 41 54 5f 43 52 49 54 5f 54 48 52 0 0 0 0 9 
ck:69 db 
head:fd 19 0 0 d 1 1 16 0 0 
payload:cd cc 4c 3d 8b 2 a 0 42 41 54 5f 45 4d 45 52 47 45 4e 5f 54 48 52 0 9 
ck:41 6b 
head:fd 19 0 0 e 1 1 16 0 0 
payload:9a 99 19 3e 8b 2 b 0 42 41 54 5f 4c 4f 57 5f 54 48 52 0 0 0 0 0 9 
ck:de 84 
head:fd 19 0 0 f 1 1 16 0 0 
payload:4 0 0 0 8b 2 c 0 42 41 54 5f 4e 5f 43 45 4c 4c 53 0 0 0 0 0 6 
ck:3d 10 
head:fd 19 0 0 10 1 1 16 0 0 
payload:0 0 80 bf 8b 2 d 0 42 41 54 5f 52 5f 49 4e 54 45 52 4e 41 4c 0 0 9 
ck:d7 e 
head:fd 19 0 0 11 1 1 16 0 0 
payload:0 0 0 0 8b 2 e 0 42 41 54 5f 53 4f 55 52 43 45 0 0 0 0 0 0 6 
ck:e9 5b 
head:fd 19 0 0 12 1 1 16 0 0 
payload:9a 99 81 40 8b 2 f 0 42 41 54 5f 56 5f 43 48 41 52 47 45 44 0 0 0 9 
ck:71 ea 
head:fd 19 0 0 13 1 1 16 0 0 
payload:0 0 80 bf 8b 2 10 0 42 41 54 5f 56 5f 44 49 56 0 0 0 0 0 0 0 9 
ck:ab ab 
head:fd 19 0 0 14 1 1 16 0 0 
payload:0 0 60 40 8b 2 11 0 42 41 54 5f 56 5f 45 4d 50 54 59 0 0 0 0 0 9 
ck:a5 30 
head:fd 19 0 0 15 1 1 16 0 0 
payload:9a 99 99 3e 8b 2 12 0 42 41 54 5f 56 5f 4c 4f 41 44 5f 44 52 4f 50 0 9 
ck:66 e5 
head:fd 19 0 0 16 1 1 16 0 0 
payload:c 1 14 0 8b 2 13 0 43 41 4c 5f 41 43 43 30 5f 49 44 0 0 0 0 0 6 
ck:51 c7 
head:fd 19 0 0 17 1 1 16 0 0 
payload:32 0 0 0 8b 2 14 0 43 41 4c 5f 41 43 43 30 5f 50 52 49 4f 0 0 0 6 
ck:b0 40 
head:fd 19 0 0 18 1 1 16 0 0 
payload:ff ff ff ff 8b 2 15 0 43 41 4c 5f 41 43 43 30 5f 52 4f 54 0 0 0 0 6 
ck:74 c9 
head:fd 19 0 0 19 1 1 16 0 0 
payload:0 0 0 0 8b 2 16 0 43 41 4c 5f 41 43 43 30 5f 58 4f 46 46 0 0 0 9 
ck:a7 b 
head:fd 19 0 0 1a 1 1 16 0 0 
payload:0 0 80 3f 8b 2 17 0 43 41 4c 5f 41 43 43 30 5f 58 53 43 41 4c 45 0 9 
ck:58 68 
head:fd 19 0 0 1b 1 1 16 0 0 
payload:0 0 0 0 8b 2 18 0 43 41 4c 5f 41 43 43 30 5f 59 4f 46 46 0 0 0 9 
ck:9e b1 
head:fd 19 0 0 1c 1 1 16 0 0 
payload:0 0 80 3f 8b 2 19 0 43 41 4c 5f 41 43 43 30 5f 59 53 43 41 4c 45 0 9 
ck:f8 7 
head:fd 19 0 0 1d 1 1 16 0 0 
payload:0 0 0 0 8b 2 1a 0 43 41 4c 5f 41 43 43 30 5f 5a 4f 46 46 0 0 0 9 
ck:79 ea 
head:fd 19 0 0 1e 1 1 16 0 0 
payload:0 0 80 3f 8b 2 1b 0 43 41 4c 5f 41 43 43 30 5f 5a 53 43 41 4c 45 0 9 
ck:86 89 
head:fd 19 0 0 1f 1 1 16 0 0 
payload:14 1 14 0 8b 2 1c 0 43 41 4c 5f 41 43 43 31 5f 49 44 0 0 0 0 0 6 
ck:fd 6f 
head:fd 19 0 0 20 1 1 16 0 0 
payload:32 0 0 0 8b 2 1d 0 43 41 4c 5f 41 43 43 31 5f 50 52 49 4f 0 0 0 6 
ck:67 9e 
head:fd 19 0 0 21 1 1 16 0 0 
payload:ff ff ff ff 8b 2 1e 0 43 41 4c 5f 41 43 43 31 5f 52 4f 54 0 0 0 0 6 
ck:60 39 
head:fd 19 0 0 22 1 1 16 0 0 
payload:0 0 0 0 8b 2 1f 0 43 41 4c 5f 41 43 43 31 5f 58 4f 46 46 0 0 0 9 
ck:ca a3 
head:fd 19 0 0 23 1 1 16 0 0 
payload:0 0 80 3f 8b 2 20 0 43 41 4c 5f 41 43 43 31 5f 58 53 43 41 4c 45 0 9 
ck:27 99 
head:fd 19 0 0 24 1 1 16 0 0 
payload:0 0 0 0 8b 2 21 0 43 41 4c 5f 41 43 43 31 5f 59 4f 46 46 0 0 0 9 
ck:bc 62 
head:fd 19 0 0 25 1 1 16 0 0 
payload:0 0 80 3f 8b 2 22 0 43 41 4c 5f 41 43 43 31 5f 59 53 43 41 4c 45 0 9 
ck:3a 59 
head:fd 19 0 0 26 1 1 16 0 0 
payload:0 0 0 0 8b 2 23 0 43 41 4c 5f 41 43 43 31 5f 5a 4f 46 46 0 0 0 9 
ck:c2 ec 
head:fd 19 0 0 27 1 1 16 0 0 
payload:0 0 80 3f 8b 2 24 0 43 41 4c 5f 41 43 43 31 5f 5a 53 43 41 4c 45 0 9 
ck:2f b2 
head:fd 19 0 0 28 1 1 16 0 0 
payload:1c 1 14 0 8b 2 25 0 43 41 4c 5f 41 43 43 32 5f 49 44 0 0 0 0 0 6 
ck:38 ee 
head:fd 19 0 0 29 1 1 16 0 0 
payload:32 0 0 0 8b 2 26 0 43 41 4c 5f 41 43 43 32 5f 50 52 49 4f 0 0 0 6 
ck:7e b9 
head:fd 19 0 0 2a 1 1 16 0 0 
payload:ff ff ff ff 8b 2 27 0 43 41 4c 5f 41 43 43 32 5f 52 4f 54 0 0 0 0 6 
ck:0 46 
head:fd 19 0 0 2b 1 1 16 0 0 
payload:0 0 0 0 8b 2 28 0 43 41 4c 5f 41 43 43 32 5f 58 4f 46 46 0 0 0 9 
ck:6e 2b 
head:fd 19 0 0 2c 1 1 16 0 0 
payload:0 0 80 3f 8b 2 29 0 43 41 4c 5f 41 43 43 32 5f 58 53 43 41 4c 45 0 9 
ck:8 9d 
head:fd 19 0 0 2d 1 1 16 0 0 
payload:0 0 0 0 8b 2 2a 0 43 41 4c 5f 41 43 43 32 5f 59 4f 46 46 0 0 0 9 
ck:73 eb 
head:fd 19 0 0 2e 1 1 16 0 0 
payload:0 0 80 3f 8b 2 2b 0 43 41 4c 5f 41 43 43 32 5f 59 53 43 41 4c 45 0 9 
ck:8c 88 
head:fd 19 0 0 2f 1 1 16 0 0 
payload:0 0 0 0 8b 2 2c 0 43 41 4c 5f 41 43 43 32 5f 5a 4f 46 46 0 0 0 9 
ck:66 0 
head:fd 19 0 0 30 1 1 16 0 0 
payload:0 0 80 3f 8b 2 2d 0 43 41 4c 5f 41 43 43 32 5f 5a 53 43 41 4c 45 0 9 
ck:74 5b 
head:fd 19 0 0 31 1 1 16 0 0 
payload:0 0 0 0 8b 2 2e 0 43 41 4c 5f 41 49 52 5f 43 4d 4f 44 45 4c 0 0 6 
ck:21 5d 
head:fd 19 0 0 32 1 1 16 0 0 
payload:0 0 c0 3f 8b 2 2f 0 43 41 4c 5f 41 49 52 5f 54 55 42 45 44 5f 4d 4d 9 
ck:9d e5 
head:fd 19 0 0 33 1 1 16 0 0 
payload:cd cc 4c 3e 8b 2 30 0 43 41 4c 5f 41 49 52 5f 54 55 42 45 4c 45 4e 0 9 
ck:e3 d8 
head:fd 19 0 0 34 1 1 16 0 0 
payload:c 1 14 0 8b 2 31 0 43 41 4c 5f 47 59 52 4f 30 5f 49 44 0 0 0 0 6 
ck:5d 89 
head:fd 19 0 0 35 1 1 16 0 0 
payload:32 0 0 0 8b 2 32 0 43 41 4c 5f 47 59 52 4f 30 5f 50 52 49 4f 0 0 6 
ck:d9 cf 
head:fd 19 0 0 36 1 1 16 0 0 
payload:ff ff ff ff 8b 2 33 0 43 41 4c 5f 47 59 52 4f 30 5f 52 4f 54 0 0 0 6 
ck:7e a2 
head:fd 19 0 0 37 1 1 16 0 0 
payload:0 0 0 0 8b 2 34 0 43 41 4c 5f 47 59 52 4f 30 5f 58 4f 46 46 0 0 9 
ck:20 ef 
head:fd 19 0 0 38 1 1 16 0 0 
payload:0 0 0 0 8b 2 35 0 43 41 4c 5f 47 59 52 4f 30 5f 59 4f 46 46 0 0 9 
ck:d5 5e 
head:fd 19 0 0 39 1 1 16 0 0 
payload:0 0 0 0 8b 2 36 0 43 41 4c 5f 47 59 52 4f 30 5f 5a 4f 46 46 0 0 9 
ck:8c ca 
head:fd 19 0 0 3a 1 1 16 0 0 
payload:14 1 14 0 8b 2 37 0 43 41 4c 5f 47 59 52 4f 31 5f 49 44 0 0 0 0 6 
ck:f8 1 
head:fd 19 0 0 3b 1 1 16 0 0 
payload:32 0 0 0 8b 2 38 0 43 41 4c 5f 47 59 52 4f 31 5f 50 52 49 4f 0 0 6 
ck:eb 7 
head:fd 19 0 0 3c 1 1 16 0 0 
payload:ff ff ff ff 8b 2 39 0 43 41 4c 5f 47 59 52 4f 31 5f 52 4f 54 0 0 0 6 
ck:d5 bf 
head:fd 19 0 0 3d 1 1 16 0 0 
payload:0 0 0 0 8b 2 3a 0 43 41 4c 5f 47 59 52 4f 31 5f 58 4f 46 46 0 0 9 
ck:e0 97 
head:fd 19 0 0 3e 1 1 16 0 0 
payload:0 0 0 0 8b 2 3b 0 43 41 4c 5f 47 59 52 4f 31 5f 59 4f 46 46 0 0 9 
ck:af 50 
head:fd 19 0 0 3f 1 1 16 0 0 
payload:0 0 0 0 8b 2 3c 0 43 41 4c 5f 47 59 52 4f 31 5f 5a 4f 46 46 0 0 9 
ck:9d a1 
head:fd 19 0 0 40 1 1 16 0 0 
payload:1c 1 14 0 8b 2 3d 0 43 41 4c 5f 47 59 52 4f 32 5f 49 44 0 0 0 0 6 
ck:4f fd 
head:fd 19 0 0 41 1 1 16 0 0 
payload:32 0 0 0 8b 2 3e 0 43 41 4c 5f 47 59 52 4f 32 5f 50 52 49 4f 0 0 6 
ck:7 e 
head:fd 19 0 0 42 1 1 16 0 0 
payload:ff ff ff ff 8b 2 3f 0 43 41 4c 5f 47 59 52 4f 32 5f 52 4f 54 0 0 0 6 
ck:a0 63 
head:fd 19 0 0 43 1 1 16 0 0 
payload:0 0 0 0 8b 2 40 0 43 41 4c 5f 47 59 52 4f 32 5f 58 4f 46 46 0 0 9 
ck:28 2c 
head:fd 19 0 0 44 1 1 16 0 0 
payload:0 0 0 0 8b 2 41 0 43 41 4c 5f 47 59 52 4f 32 5f 59 4f 46 46 0 0 9 
ck:fe 3e 
head:fd 19 0 0 45 1 1 16 0 0 
payload:0 0 0 0 8b 2 42 0 43 41 4c 5f 47 59 52 4f 32 5f 5a 4f 46 46 0 0 9 
ck:a7 aa 
head:fd 19 0 0 46 1 1 16 0 0 
payload:c 3 3 0 8b 2 43 0 43 41 4c 5f 4d 41 47 30 5f 49 44 0 0 0 0 0 6 
ck:f8 4d 
head:fd 19 0 0 47 1 1 16 0 0 
payload:32 0 0 0 8b 2 44 0 43 41 4c 5f 4d 41 47 30 5f 50 52 49 4f 0 0 0 6 
ck:37 d6 
head:fd 19 0 0 48 1 1 16 0 0 
payload:ff ff ff ff 8b 2 45 0 43 41 4c 5f 4d 41 47 30 5f 52 4f 54 0 0 0 0 6 
ck:f3 5f 
head:fd 19 0 0 49 1 1 16 0 0 
payload:0 0 0 0 8b 2 46 0 43 41 4c 5f 4d 41 47 30 5f 58 43 4f 4d 50 0 0 9 
ck:3c bf 
head:fd 19 0 0 4a 1 1 16 0 0 
payload:0 0 0 0 8b 2 47 0 43 41 4c 5f 4d 41 47 30 5f 58 4f 44 49 41 47 0 9 
ck:12 5a 
head:fd 19 0 0 4b 1 1 16 0 0 
payload:0 0 0 0 8b 2 48 0 43 41 4c 5f 4d 41 47 30 5f 58 4f 46 46 0 0 0 9 
ck:e4 6a 
head:fd 19 0 0 4c 1 1 16 0 0 
payload:0 0 80 3f 8b 2 49 0 43 41 4c 5f 4d 41 47 30 5f 58 53 43 41 4c 45 0 9 
ck:82 dc 
head:fd 19 0 0 4d 1 1 16 0 0 
payload:0 0 0 0 8b 2 4a 0 43 41 4c 5f 4d 41 47 30 5f 59 43 4f 4d 50 0 0 9 
ck:e5 88 
head:fd 19 0 0 4e 1 1 16 0 0 
payload:0 0 0 0 8b 2 4b 0 43 41 4c 5f 4d 41 47 30 5f 59 4f 44 49 41 47 0 9 
ck:cb 6d 
head:fd 19 0 0 4f 1 1 16 0 0 
payload:0 0 0 0 8b 2 4c 0 43 41 4c 5f 4d 41 47 30 5f 59 4f 46 46 0 0 0 9 
ck:eb 97 
head:fd 19 0 0 50 1 1 16 0 0 
payload:0 0 80 3f 8b 2 4d 0 43 41 4c 5f 4d 41 47 30 5f 59 53 43 41 4c 45 0 9 
ck:f9 cc 
head:fd 19 0 0 51 1 1 16 0 0 
payload:0 0 0 0 8b 2 4e 0 43 41 4c 5f 4d 41 47 30 5f 5a 43 4f 4d 50 0 0 9 
ck:64 3 
head:fd 19 0 0 52 1 1 16 0 0 
payload:0 0 0 0 8b 2 4f 0 43 41 4c 5f 4d 41 47 30 5f 5a 4f 44 49 41 47 0 9 
ck:4a e6 
head:fd 19 0 0 53 1 1 16 0 0 
payload:0 0 0 0 8b 2 50 0 43 41 4c 5f 4d 41 47 30 5f 5a 4f 46 46 0 0 0 9 
ck:1 4b 
head:fd 19 0 0 54 1 1 16 0 0 
payload:0 0 80 3f 8b 2 51 0 43 41 4c 5f 4d 41 47 30 5f 5a 53 43 41 4c 45 0 9 
ck:67 fd 
head:fd 19 0 0 55 1 1 16 0 0 
payload:c 4 3 0 8b 2 52 0 43 41 4c 5f 4d 41 47 31 5f 49 44 0 0 0 0 0 6 
ck:12 90 
head:fd 19 0 0 56 1 1 16 0 0 
payload:32 0 0 0 8b 2 53 0 43 41 4c 5f 4d 41 47 31 5f 50 52 49 4f 0 0 0 6 
ck:ae 2b 
head:fd 19 0 0 57 1 1 16 0 0 
payload:ff ff ff ff 8b 2 54 0 43 41 4c 5f 4d 41 47 31 5f 52 4f 54 0 0 0 0 6 
ck:c2 e9 
head:fd 19 0 0 58 1 1 16 0 0 
payload:0 0 0 0 8b 2 55 0 43 41 4c 5f 4d 41 47 31 5f 58 43 4f 4d 50 0 0 9 
ck:ce 27 
head:fd 19 0 0 59 1 1 16 0 0 
payload:0 0 0 0 8b 2 56 0 43 41 4c 5f 4d 41 47 31 5f 58 4f 44 49 41 47 0 9 
ck:99 9a 
head:fd 19 0 0 5a 1 1 16 0 0 
payload:0 0 0 0 8b 2 57 0 43 41 4c 5f 4d 41 47 31 5f 58 4f 46 46 0 0 0 9 
ck:ab 5d 
head:fd 19 0 0 5b 1 1 16 0 0 
payload:0 0 80 3f 8b 2 58 0 43 41 4c 5f 4d 41 47 31 5f 58 53 43 41 4c 45 0 9 
ck:90 c9 
head:fd 19 0 0 5c 1 1 16 0 0 
payload:0 0 0 0 8b 2 59 0 43 41 4c 5f 4d 41 47 31 5f 59 43 4f 4d 50 0 0 9 
ck:17 10 
head:fd 19 0 0 5d 1 1 16 0 0 
payload:0 0 0 0 8b 2 5a 0 43 41 4c 5f 4d 41 47 31 5f 59 4f 44 49 41 47 0 9 
ck:40 ad 
head:fd 19 0 0 5e 1 1 16 0 0 
payload:0 0 0 0 8b 2 5b 0 43 41 4c 5f 4d 41 47 31 5f 59 4f 46 46 0 0 0 9 
ck:72 6a 
head:fd 19 0 0 5f 1 1 16 0 0 
payload:0 0 80 3f 8b 2 5c 0 43 41 4c 5f 4d 41 47 31 5f 59 53 43 41 4c 45 0 9 
ck:9f 34 
head:fd 19 0 0 60 1 1 16 0 0 
payload:0 0 0 0 8b 2 5d 0 43 41 4c 5f 4d 41 47 31 5f 5a 43 4f 4d 50 0 0 9 
ck:38 7 
head:fd 19 0 0 61 1 1 16 0 0 
payload:0 0 0 0 8b 2 5e 0 43 41 4c 5f 4d 41 47 31 5f 5a 4f 44 49 41 47 0 9 
ck:6f ba 
head:fd 19 0 0 62 1 1 16 0 0 
payload:0 0 0 0 8b 2 5f 0 43 41 4c 5f 4d 41 47 31 5f 5a 4f 46 46 0 0 0 9 
ck:5d 7d 
head:fd 19 0 0 63 1 1 16 0 0 
payload:0 0 80 3f 8b 2 60 0 43 41 4c 5f 4d 41 47 31 5f 5a 53 43 41 4c 45 0 9 
ck:b0 47 
head:fd 19 0 0 64 1 1 16 0 0 
payload:0 0 0 0 8b 2 61 0 43 41 4c 5f 4d 41 47 32 5f 49 44 0 0 0 0 0 6 
ck:b2 87 
head:fd 19 0 0 65 1 1 16 0 0 
payload:ff ff ff ff 8b 2 62 0 43 41 4c 5f 4d 41 47 32 5f 52 4f 54 0 0 0 0 6 
ck:4c 56 
head:fd 19 0 0 66 1 1 16 0 0 
payload:0 0 0 0 8b 2 63 0 43 41 4c 5f 4d 41 47 33 5f 49 44 0 0 0 0 0 6 
ck:5a 8a 
head:fd 19 0 0 67 1 1 16 0 0 
payload:ff ff ff ff 8b 2 64 0 43 41 4c 5f 4d 41 47 33 5f 52 4f 54 0 0 0 0 6 
ck:cf 3e 
head:fd 19 0 0 68 1 1 16 0 0 
payload:0 0 0 0 8b 2 65 0 43 41 4c 5f 4d 41 47 5f 43 4f 4d 50 5f 54 59 50 6 
ck:ba f7 
head:fd 19 0 0 69 1 1 16 0 0 
payload:1 0 0 0 8b 2 66 0 43 41 4c 5f 4d 41 47 5f 52 4f 54 5f 41 55 54 4f 6 
ck:12 0 
head:fd 19 0 0 6a 1 1 16 0 0 
payload:3f 0 0 0 8b 2 67 0 43 41 4c 5f 4d 41 47 5f 53 49 44 45 53 0 0 0 6 
ck:c6 8 
head:fd 19 0 0 6b 1 1 16 0 0 
payload:0 0 0 0 8b 2 68 0 43 42 52 4b 5f 41 49 52 53 50 44 5f 43 48 4b 0 6 
ck:f1 3f 
head:fd 19 0 0 6c 1 1 16 0 0 
payload:0 0 0 0 8b 2 69 0 43 42 52 4b 5f 42 55 5a 5a 45 52 0 0 0 0 0 6 
ck:fb a2 
head:fd 19 0 0 6d 1 1 16 0 0 
payload:19 59 4 0 8b 2 6a 0 43 42 52 4b 5f 45 4e 47 49 4e 45 46 41 49 4c 0 6 
ck:d 8b 
head:fd 19 0 0 6e 1 1 16 0 0 
payload:7c d9 1 0 8b 2 6b 0 43 42 52 4b 5f 46 4c 49 47 48 54 54 45 52 4d 0 6 
ck:d9 5d 
head:fd 19 0 0 6f 1 1 16 0 0 
payload:0 0 0 0 8b 2 6c 0 43 42 52 4b 5f 52 41 54 45 5f 43 54 52 4c 0 0 6 
ck:b2 df 
head:fd 19 0 0 70 1 1 16 0 0 
payload:49 a5 d 0 8b 2 6d 0 43 42 52 4b 5f 53 55 50 50 4c 59 5f 43 48 4b 0 6 
ck:35 28 
head:fd 19 0 0 71 1 1 16 0 0 
payload:0 0 0 0 8b 2 6e 0 43 42 52 4b 5f 55 53 42 5f 43 48 4b 0 0 0 0 6 
ck:ce 9d 
head:fd 19 0 0 72 1 1 16 0 0 
payload:0 0 0 0 8b 2 6f 0 43 42 52 4b 5f 56 45 4c 50 4f 53 45 52 52 0 0 6 
ck:1a 32 
head:fd 19 0 0 73 1 1 16 0 0 
payload:0 0 0 0 8b 2 70 0 43 42 52 4b 5f 56 54 4f 4c 41 52 4d 49 4e 47 0 6 
ck:bf 12 
head:fd 19 0 0 74 1 1 16 0 0 
payload:a 0 0 0 8b 2 71 0 43 4f 4d 5f 41 52 4d 5f 41 55 54 48 5f 49 44 0 6 
ck:7b d 
head:fd 19 0 0 75 1 1 16 0 0 
payload:0 0 0 0 8b 2 72 0 43 4f 4d 5f 41 52 4d 5f 41 55 54 48 5f 4d 45 54 6 
ck:8c a 
head:fd 19 0 0 76 1 1 16 0 0 
payload:0 0 0 0 8b 2 73 0 43 4f 4d 5f 41 52 4d 5f 41 55 54 48 5f 52 45 51 6 
ck:7d ab 
head:fd 19 0 0 77 1 1 16 0 0 
payload:0 0 80 3f 8b 2 74 0 43 4f 4d 5f 41 52 4d 5f 41 55 54 48 5f 54 4f 0 9 
ck:cb a 
head:fd 19 0 0 78 1 1 16 0 0 
payload:1 0 0 0 8b 2 75 0 43 4f 4d 5f 41 52 4d 5f 43 48 4b 5f 45 53 43 53 6 
ck:4e 81 
head:fd 19 0 0 79 1 1 16 0 0 
payload:e0 2d 10 3b 8b 2 76 0 43 4f 4d 5f 41 52 4d 5f 45 4b 46 5f 41 42 0 0 9 
ck:e9 32 
head:fd 19 0 0 7a 1 1 16 0 0 
payload:e0 2d 90 3a 8b 2 77 0 43 4f 4d 5f 41 52 4d 5f 45 4b 46 5f 47 42 0 0 9 
ck:c6 25 
head:fd 19 0 0 7b 1 1 16 0 0 
payload:0 0 80 3f 8b 2 78 0 43 4f 4d 5f 41 52 4d 5f 45 4b 46 5f 48 47 54 0 9 
ck:8e 91 
head:fd 19 0 0 7c 1 1 16 0 0 
payload:0 0 0 3f 8b 2 79 0 43 4f 4d 5f 41 52 4d 5f 45 4b 46 5f 50 4f 53 0 9 
ck:e2 ac 
head:fd 19 0 0 7d 1 1 16 0 0 
payload:0 0 0 3f 8b 2 7a 0 43 4f 4d 5f 41 52 4d 5f 45 4b 46 5f 56 45 4c 0 9 
ck:61 97 
head:fd 19 0 0 7e 1 1 16 0 0 
payload:0 0 0 3f 8b 2 7b 0 43 4f 4d 5f 41 52 4d 5f 45 4b 46 5f 59 41 57 0 9 
ck:bc c2 
head:fd 19 0 0 7f 1 1 16 0 0 
payload:33 33 33 3f 8b 2 7c 0 43 4f 4d 5f 41 52 4d 5f 49 4d 55 5f 41 43 43 0 9 
ck:6a dd 
head:fd 19 0 0 80 1 1 16 0 0 
payload:0 0 80 3e 8b 2 7d 0 43 4f 4d 5f 41 52 4d 5f 49 4d 55 5f 47 59 52 0 9 
ck:38 16 
head:fd 19 0 0 81 1 1 16 0 0 
payload:2d 0 0 0 8b 2 7e 0 43 4f 4d 5f 41 52 4d 5f 4d 41 47 5f 41 4e 47 0 6 
ck:5d 2d 
head:fd 19 0 0 82 1 1 16 0 0 
payload:1 0 0 0 8b 2 7f 0 43 4f 4d 5f 41 52 4d 5f 4d 41 47 5f 53 54 52 0 6 
ck:49 60 
head:fd 19 0 0 83 1 1 16 0 0 
payload:0 0 0 0 8b 2 80 0 43 4f 4d 5f 41 52 4d 5f 4d 49 53 5f 52 45 51 0 6 
ck:f b5 
head:fd 19 0 0 84 1 1 16 0 0 
payload:0 0 0 0 8b 2 81 0 43 4f 4d 5f 41 52 4d 5f 53 57 49 53 42 54 4e 0 6 
ck:53 11 
head:fd 19 0 0 85 1 1 16 0 0 
payload:1 0 0 0 8b 2 82 0 43 4f 4d 5f 41 52 4d 5f 57 4f 5f 47 50 53 0 0 6 
ck:f1 ac 
head:fd 19 0 0 86 1 1 16 0 0 
payload:0 0 80 bf 8b 2 83 0 43 4f 4d 5f 43 50 55 5f 4d 41 58 0 0 0 0 0 9 
ck:2f 76 
head:fd 19 0 0 87 1 1 16 0 0 
payload:0 0 0 40 8b 2 84 0 43 4f 4d 5f 44 49 53 41 52 4d 5f 4c 41 4e 44 0 9 
ck:62 f8 
head:fd 19 0 0 88 1 1 16 0 0 
payload:0 0 20 41 8b 2 85 0 43 4f 4d 5f 44 49 53 41 52 4d 5f 50 52 46 4c 54 9 
ck:3e 64 
head:fd 19 0 0 89 1 1 16 0 0 
payload:a 0 0 0 8b 2 86 0 43 4f 4d 5f 44 4c 5f 4c 4f 53 53 5f 54 0 0 0 6 
ck:32 e9 
head:fd 19 0 0 8a 1 1 16 0 0 
payload:0 0 a0 40 8b 2 87 0 43 4f 4d 5f 45 46 5f 43 32 54 0 0 0 0 0 0 9 
ck:e 84 
head:fd 19 0 0 8b 1 1 16 0 0 
payload:0 0 0 3f 8b 2 88 0 43 4f 4d 5f 45 46 5f 54 48 52 4f 54 0 0 0 0 9 
ck:7a a8 
head:fd 19 0 0 8c 1 1 16 0 0 
payload:0 0 20 41 8b 2 89 0 43 4f 4d 5f 45 46 5f 54 49 4d 45 0 0 0 0 0 9 
ck:3a 33 
head:fd 19 0 0 8d 1 1 16 0 0 
payload:1 0 0 0 8b 2 8a 0 43 4f 4d 5f 46 4c 49 47 48 54 5f 55 55 49 44 0 6 
ck:dd 34 
head:fd 19 0 0 8e 1 1 16 0 0 
payload:ff ff ff ff 8b 2 8b 0 43 4f 4d 5f 46 4c 54 4d 4f 44 45 31 0 0 0 0 6 
ck:db 39 
head:fd 19 0 0 8f 1 1 16 0 0 
payload:ff ff ff ff 8b 2 8c 0 43 4f 4d 5f 46 4c 54 4d 4f 44 45 32 0 0 0 0 6 
ck:57 ea 
head:fd 19 0 0 90 1 1 16 0 0 
payload:ff ff ff ff 8b 2 8d 0 43 4f 4d 5f 46 4c 54 4d 4f 44 45 33 0 0 0 0 6 
ck:9f b 
head:fd 19 0 0 91 1 1 16 0 0 
payload:ff ff ff ff 8b 2 8e 0 43 4f 4d 5f 46 4c 54 4d 4f 44 45 34 0 0 0 0 6 
ck:e d2 
head:fd 19 0 0 92 1 1 16 0 0 
payload:ff ff ff ff 8b 2 8f 0 43 4f 4d 5f 46 4c 54 4d 4f 44 45 35 0 0 0 0 6 
ck:2b b 
head:fd 19 0 0 93 1 1 16 0 0 
payload:ff ff ff ff 8b 2 90 0 43 4f 4d 5f 46 4c 54 4d 4f 44 45 36 0 0 0 0 6 
ck:cc 8f 
head:fd 19 0 0 94 1 1 16 0 0 
payload:0 0 0 0 8b 2 91 0 43 4f 4d 5f 46 4c 54 5f 50 52 4f 46 49 4c 45 0 6 
ck:f3 1f 
head:fd 19 0 0 95 1 1 16 0 0 
payload:78 0 0 0 8b 2 92 0 43 4f 4d 5f 48 4c 44 4c 5f 4c 4f 53 53 5f 54 0 6 
ck:34 e0 
head:fd 19 0 0 96 1 1 16 0 0 
payload:0 0 0 0 8b 2 93 0 43 4f 4d 5f 48 4c 44 4c 5f 52 45 47 5f 54 0 0 6 
ck:ba e4 
head:fd 19 0 0 97 1 1 16 0 0 
payload:0 0 a0 40 8b 2 94 0 43 4f 4d 5f 48 4f 4d 45 5f 48 5f 54 0 0 0 0 9 
ck:53 b2 
head:fd 19 0 0 98 1 1 16 0 0 
payload:0 0 0 0 8b 2 95 0 43 4f 4d 5f 48 4f 4d 45 5f 49 4e 5f 41 49 52 0 6 
ck:31 2 
head:fd 19 0 0 99 1 1 16 0 0 
payload:0 0 20 41 8b 2 96 0 43 4f 4d 5f 48 4f 4d 45 5f 56 5f 54 0 0 0 0 9 
ck:f4 f1 
head:fd 19 0 0 9a 1 1 16 0 0 
payload:0 0 a0 40 8b 2 97 0 43 4f 4d 5f 4b 49 4c 4c 5f 44 49 53 41 52 4d 0 9 
ck:8 11 
head:fd 19 0 0 9b 1 1 16 0 0 
payload:0 0 40 40 8b 2 98 0 43 4f 4d 5f 4c 4b 44 4f 57 4e 5f 54 4b 4f 0 0 9 
ck:d5 cf 
head:fd 19 0 0 9c 1 1 16 0 0 
payload:0 0 0 0 8b 2 99 0 43 4f 4d 5f 4c 4f 57 5f 42 41 54 5f 41 43 54 0 6 
ck:7d d2 
head:fd 19 0 0 9d 1 1 16 0 0 
payload:1 0 0 0 8b 2 9a 0 43 4f 4d 5f 4d 4f 54 5f 54 45 53 54 5f 45 4e 0 6 
ck:cc 48 
head:fd 19 0 0 9e 1 1 16 0 0 
payload:0 0 0 0 8b 2 9b 0 43 4f 4d 5f 4f 42 4c 5f 41 43 54 0 0 0 0 0 6 
ck:d7 56 
head:fd 19 0 0 9f 1 1 16 0 0 
payload:0 0 0 0 8b 2 9c 0 43 4f 4d 5f 4f 42 4c 5f 52 43 5f 41 43 54 0 0 6 
ck:6f 22 
head:fd 19 0 0 a0 1 1 16 0 0 
payload:0 0 0 0 8b 2 9d 0 43 4f 4d 5f 4f 42 53 5f 41 56 4f 49 44 0 0 0 6 
ck:f0 b7 
head:fd 19 0 0 a1 1 1 16 0 0 
payload:0 0 0 3f 8b 2 9e 0 43 4f 4d 5f 4f 46 5f 4c 4f 53 53 5f 54 0 0 0 9 
ck:5d 27 
head:fd 19 0 0 a2 1 1 16 0 0 
payload:0 0 0 0 8b 2 9f 0 43 4f 4d 5f 50 4f 53 43 54 4c 5f 4e 41 56 4c 0 6 
ck:a2 19 
head:fd 19 0 0 a3 1 1 16 0 0 
payload:1 0 0 0 8b 2 a0 0 43 4f 4d 5f 50 4f 53 5f 46 53 5f 44 45 4c 41 59 6 
ck:6b 2e 
head:fd 19 0 0 a4 1 1 16 0 0 
payload:0 0 a0 40 8b 2 a1 0 43 4f 4d 5f 50 4f 53 5f 46 53 5f 45 50 48 0 0 9 
ck:1d 9a 
head:fd 19 0 0 a5 1 1 16 0 0 
payload:0 0 20 41 8b 2 a2 0 43 4f 4d 5f 50 4f 53 5f 46 53 5f 45 50 56 0 0 9 
ck:49 18 
head:fd 19 0 0 a6 1 1 16 0 0 
payload:a 0 0 0 8b 2 a3 0 43 4f 4d 5f 50 4f 53 5f 46 53 5f 47 41 49 4e 0 6 
ck:ee d3 
head:fd 19 0 0 a7 1 1 16 0 0 
payload:1e 0 0 0 8b 2 a4 0 43 4f 4d 5f 50 4f 53 5f 46 53 5f 50 52 4f 42 0 6 
ck:3 a0 
head:fd 19 0 0 a8 1 1 16 0 0 
payload:1 0 0 0 8b 2 a5 0 43 4f 4d 5f 50 52 45 41 52 4d 5f 4d 4f 44 45 0 6 
ck:76 f9 
head:fd 19 0 0 a9 1 1 16 0 0 
payload:e8 3 0 0 8b 2 a6 0 43 4f 4d 5f 52 43 5f 41 52 4d 5f 48 59 53 54 0 6 
ck:23 10 
head:fd 19 0 0 aa 1 1 16 0 0 
payload:1 0 0 0 8b 2 a7 0 43 4f 4d 5f 52 43 5f 49 4e 5f 4d 4f 44 45 0 0 6 
ck:27 f4 
head:fd 19 0 0 ab 1 1 16 0 0 
payload:0 0 0 3f 8b 2 a8 0 43 4f 4d 5f 52 43 5f 4c 4f 53 53 5f 54 0 0 0 9 
ck:44 b0 
head:fd 19 0 0 ac 1 1 16 0 0 
payload:1 0 0 0 8b 2 a9 0 43 4f 4d 5f 52 43 5f 4f 56 45 52 52 49 44 45 0 6 
ck:e5 b4 
head:fd 19 0 0 ad 1 1 16 0 0 
payload:0 0 f0 41 8b 2 aa 0 43 4f 4d 5f 52 43 5f 53 54 49 43 4b 5f 4f 56 0 9 
ck:fc 57 
head:fd 19 0 0 ae 1 1 16 0 0 
payload:1 0 0 0 8b 2 ab 0 43 4f 4d 5f 52 45 41 52 4d 5f 47 52 41 43 45 0 6 
ck:8b 26 
head:fd 19 0 0 af 1 1 16 0 0 
payload:0 0 0 0 8b 2 ac 0 43 4f 4d 5f 54 41 4b 45 4f 46 46 5f 41 43 54 0 6 
ck:13 b4 
head:fd 19 0 0 b0 1 1 16 0 0 
payload:0 0 80 3f 8b 2 ad 0 43 4f 4d 5f 56 45 4c 5f 46 53 5f 45 56 48 0 0 9 
ck:76 fc 
head:fd 19 0 0 b1 1 1 16 0 0 
payload:cd cc cc 3e 8b 2 ae 0 43 50 5f 44 45 4c 41 59 0 0 0 0 0 0 0 0 9 
ck:c9 3f 
head:fd 19 0 0 b2 1 1 16 0 0 
payload:0 0 80 bf 8b 2 af 0 43 50 5f 44 49 53 54 0 0 0 0 0 0 0 0 0 9 
ck:27 ae 
head:fd 19 0 0 b3 1 1 16 0 0 
payload:0 0 0 0 8b 2 b0 0 43 50 5f 47 4f 5f 4e 4f 5f 44 41 54 41 0 0 0 9 
ck:ea 1c 
head:fd 19 0 0 b4 1 1 16 0 0 
payload:0 0 f0 41 8b 2 b1 0 43 50 5f 47 55 49 44 45 5f 41 4e 47 0 0 0 0 9 
ck:db 26 
head:fd 19 0 0 b5 1 1 16 0 0 
payload:cd cc 4c 3e 8b 2 b2 0 45 4b 46 32 5f 41 42 49 41 53 5f 49 4e 49 54 0 9 
ck:a7 aa 
head:fd 19 0 0 b6 1 1 16 0 0 
payload:0 0 c8 41 8b 2 b3 0 45 4b 46 32 5f 41 42 4c 5f 41 43 43 4c 49 4d 0 9 
ck:ef f3 
head:fd 19 0 0 b7 1 1 16 0 0 
payload:0 0 40 40 8b 2 b4 0 45 4b 46 32 5f 41 42 4c 5f 47 59 52 4c 49 4d 0 9 
ck:82 f8 
head:fd 19 0 0 b8 1 1 16 0 0 
payload:cd cc cc 3e 8b 2 b5 0 45 4b 46 32 5f 41 42 4c 5f 4c 49 4d 0 0 0 0 9 
ck:b2 73 
head:fd 19 0 0 b9 1 1 16 0 0 
payload:0 0 0 3f 8b 2 b6 0 45 4b 46 32 5f 41 42 4c 5f 54 41 55 0 0 0 0 9 
ck:9 df 
head:fd 19 0 0 ba 1 1 16 0 0 
payload:a6 9b 44 3b 8b 2 b7 0 45 4b 46 32 5f 41 43 43 5f 42 5f 4e 4f 49 53 45 9 
ck:13 be 
head:fd 19 0 0 bb 1 1 16 0 0 
payload:33 33 b3 3e 8b 2 b8 0 45 4b 46 32 5f 41 43 43 5f 4e 4f 49 53 45 0 0 9 
ck:7a 70 
head:fd 19 0 0 bc 1 1 16 0 0 
payload:1 0 0 0 8b 2 b9 0 45 4b 46 32 5f 41 49 44 5f 4d 41 53 4b 0 0 0 6 
ck:77 d9 
head:fd 19 0 0 bd 1 1 16 0 0 
payload:cd cc cc 3d 8b 2 ba 0 45 4b 46 32 5f 41 4e 47 45 52 52 5f 49 4e 49 54 9 
ck:aa f9 
head:fd 19 0 0 be 1 1 16 0 0 
payload:0 0 0 0 8b 2 bb 0 45 4b 46 32 5f 41 52 53 50 5f 54 48 52 0 0 0 9 
ck:cc 27 
head:fd 19 0 0 bf 1 1 16 0 0 
payload:0 0 a0 41 8b 2 bc 0 45 4b 46 32 5f 41 53 50 44 5f 4d 41 58 0 0 0 9 
ck:7 cb 
head:fd 19 0 0 c0 1 1 16 0 0 
payload:0 0 c8 42 8b 2 bd 0 45 4b 46 32 5f 41 53 50 5f 44 45 4c 41 59 0 0 9 
ck:81 c9 
head:fd 19 0 0 c1 1 1 16 0 0 
payload:0 0 a0 40 8b 2 be 0 45 4b 46 32 5f 41 56 45 4c 5f 44 45 4c 41 59 0 9 
ck:48 6b 
head:fd 19 0 0 c2 1 1 16 0 0 
payload:0 0 0 0 8b 2 bf 0 45 4b 46 32 5f 42 41 52 4f 5f 44 45 4c 41 59 0 9 
ck:41 89 
head:fd 19 0 0 c3 1 1 16 0 0 
payload:0 0 a0 40 8b 2 c0 0 45 4b 46 32 5f 42 41 52 4f 5f 47 41 54 45 0 0 9 
ck:da ef 
head:fd 19 0 0 c4 1 1 16 0 0 
payload:0 0 60 40 8b 2 c1 0 45 4b 46 32 5f 42 41 52 4f 5f 4e 4f 49 53 45 0 9 
ck:5c 76 
head:fd 19 0 0 c5 1 1 16 0 0 
payload:0 0 c8 41 8b 2 c2 0 45 4b 46 32 5f 42 43 4f 45 46 5f 58 0 0 0 0 9 
ck:67 7c 
head:fd 19 0 0 c6 1 1 16 0 0 
payload:0 0 c8 41 8b 2 c3 0 45 4b 46 32 5f 42 43 4f 45 46 5f 59 0 0 0 0 9 
ck:42 a5 
head:fd 19 0 0 c7 1 1 16 0 0 
payload:0 0 a0 40 8b 2 c4 0 45 4b 46 32 5f 42 45 54 41 5f 47 41 54 45 0 0 9 
ck:d2 2e 
head:fd 19 0 0 c8 1 1 16 0 0 
payload:9a 99 99 3e 8b 2 c5 0 45 4b 46 32 5f 42 45 54 41 5f 4e 4f 49 53 45 0 9 
ck:79 79 
head:fd 19 0 0 c9 1 1 16 0 0 
payload:7 0 0 0 8b 2 c6 0 45 4b 46 32 5f 44 45 43 4c 5f 54 59 50 45 0 0 6 
ck:31 fa 
head:fd 19 0 0 ca 1 1 16 0 0 
payload:0 0 20 40 8b 2 c7 0 45 4b 46 32 5f 44 52 41 47 5f 4e 4f 49 53 45 0 9 
ck:85 34 
head:fd 19 0 0 cb 1 1 16 0 0 
payload:33 33 b3 3f 8b 2 c8 0 45 4b 46 32 5f 45 41 53 5f 4e 4f 49 53 45 0 0 9 
ck:4d b7 
head:fd 19 0 0 cc 1 1 16 0 0 
payload:cd cc 4c 3d 8b 2 c9 0 45 4b 46 32 5f 45 56 41 5f 4e 4f 49 53 45 0 0 9 
ck:a7 83 
head:fd 19 0 0 cd 1 1 16 0 0 
payload:0 0 a0 40 8b 2 ca 0 45 4b 46 32 5f 45 56 50 5f 47 41 54 45 0 0 0 9 
ck:d4 84 
head:fd 19 0 0 ce 1 1 16 0 0 
payload:cd cc cc 3d 8b 2 cb 0 45 4b 46 32 5f 45 56 50 5f 4e 4f 49 53 45 0 0 9 
ck:e6 3f 
head:fd 19 0 0 cf 1 1 16 0 0 
payload:0 0 40 40 8b 2 cc 0 45 4b 46 32 5f 45 56 56 5f 47 41 54 45 0 0 0 9 
ck:10 dc 
head:fd 19 0 0 d0 1 1 16 0 0 
payload:cd cc cc 3d 8b 2 cd 0 45 4b 46 32 5f 45 56 56 5f 4e 4f 49 53 45 0 0 9 
ck:6e cf 
head:fd 19 0 0 d1 1 1 16 0 0 
payload:0 0 2f 43 8b 2 ce 0 45 4b 46 32 5f 45 56 5f 44 45 4c 41 59 0 0 0 9 
ck:6c d 
head:fd 19 0 0 d2 1 1 16 0 0 
payload:0 0 0 0 8b 2 cf 0 45 4b 46 32 5f 45 56 5f 4e 4f 49 53 45 5f 4d 44 6 
ck:8 14 
head:fd 19 0 0 d3 1 1 16 0 0 
payload:0 0 0 0 8b 2 d0 0 45 4b 46 32 5f 45 56 5f 50 4f 53 5f 58 0 0 0 9 
ck:f b4 
head:fd 19 0 0 d4 1 1 16 0 0 
payload:0 0 0 0 8b 2 d1 0 45 4b 46 32 5f 45 56 5f 50 4f 53 5f 59 0 0 0 9 
ck:4d 23 
head:fd 19 0 0 d5 1 1 16 0 0 
payload:0 0 0 0 8b 2 d2 0 45 4b 46 32 5f 45 56 5f 50 4f 53 5f 5a 0 0 0 9 
ck:b9 31 
head:fd 19 0 0 d6 1 1 16 0 0 
payload:0 0 0 0 8b 2 d3 0 45 4b 46 32 5f 46 55 53 45 5f 42 45 54 41 0 0 6 
ck:87 5b 
head:fd 19 0 0 d7 1 1 16 0 0 
payload:cd cc cc 3d 8b 2 d4 0 45 4b 46 32 5f 47 42 49 41 53 5f 49 4e 49 54 0 9 
ck:a3 20 
head:fd 19 0 0 d8 1 1 16 0 0 
payload:0 0 0 0 8b 2 d5 0 45 4b 46 32 5f 47 4e 44 5f 45 46 46 5f 44 5a 0 9 
ck:db 9b 
head:fd 19 0 0 d9 1 1 16 0 0 
payload:0 0 0 3f 8b 2 d6 0 45 4b 46 32 5f 47 4e 44 5f 4d 41 58 5f 48 47 54 9 
ck:9b 2d 
head:fd 19 0 0 da 1 1 16 0 0 
payload:f5 0 0 0 8b 2 d7 0 45 4b 46 32 5f 47 50 53 5f 43 48 45 43 4b 0 0 6 
ck:d d2 
head:fd 19 0 0 db 1 1 16 0 0 
payload:0 0 dc 42 8b 2 d8 0 45 4b 46 32 5f 47 50 53 5f 44 45 4c 41 59 0 0 9 
ck:74 cf 
head:fd 19 0 0 dc 1 1 16 0 0 
payload:0 0 0 0 8b 2 d9 0 45 4b 46 32 5f 47 50 53 5f 50 4f 53 5f 58 0 0 9 
ck:88 86 
head:fd 19 0 0 dd 1 1 16 0 0 
payload:0 0 0 0 8b 2 da 0 45 4b 46 32 5f 47 50 53 5f 50 4f 53 5f 59 0 0 9 
ck:45 93 
head:fd 19 0 0 de 1 1 16 0 0 
payload:0 0 0 0 8b 2 db 0 45 4b 46 32 5f 47 50 53 5f 50 4f 53 5f 5a 0 0 9 
ck:79 c8 
head:fd 19 0 0 df 1 1 16 0 0 
payload:0 0 a0 40 8b 2 dc 0 45 4b 46 32 5f 47 50 53 5f 50 5f 47 41 54 45 0 9 
ck:92 c8 
head:fd 19 0 0 e0 1 1 16 0 0 
payload:0 0 0 3f 8b 2 dd 0 45 4b 46 32 5f 47 50 53 5f 50 5f 4e 4f 49 53 45 9 
ck:83 12 
head:fd 19 0 0 e1 1 1 16 0 0 
payload:0 0 a0 40 8b 2 de 0 45 4b 46 32 5f 47 50 53 5f 56 5f 47 41 54 45 0 9 
ck:b7 90 
head:fd 19 0 0 e2 1 1 16 0 0 
payload:9a 99 99 3e 8b 2 df 0 45 4b 46 32 5f 47 50 53 5f 56 5f 4e 4f 49 53 45 9 
ck:8c 1c 
head:fd 19 0 0 e3 1 1 16 0 0 
payload:0 0 70 41 8b 2 e0 0 45 4b 46 32 5f 47 53 46 5f 54 41 53 0 0 0 0 9 
ck:d4 8d 
head:fd 19 0 0 e4 1 1 16 0 0 
payload:6f 12 83 3a 8b 2 e1 0 45 4b 46 32 5f 47 59 52 5f 42 5f 4e 4f 49 53 45 9 
ck:71 28 
head:fd 19 0 0 e5 1 1 16 0 0 
payload:8f c2 75 3c 8b 2 e2 0 45 4b 46 32 5f 47 59 52 5f 4e 4f 49 53 45 0 0 9 
ck:6 8c 
head:fd 19 0 0 e6 1 1 16 0 0 
payload:66 66 26 40 8b 2 e3 0 45 4b 46 32 5f 48 44 47 5f 47 41 54 45 0 0 0 9 
ck:32 74 
head:fd 19 0 0 e7 1 1 16 0 0 
payload:9a 99 99 3e 8b 2 e4 0 45 4b 46 32 5f 48 45 41 44 5f 4e 4f 49 53 45 0 9 
ck:fe 26 
head:fd 19 0 0 e8 1 1 16 0 0 
payload:0 0 0 0 8b 2 e5 0 45 4b 46 32 5f 48 47 54 5f 4d 4f 44 45 0 0 0 6 
ck:ad c5 
head:fd 19 0 0 e9 1 1 16 0 0 
payload:0 0 0 0 8b 2 e6 0 45 4b 46 32 5f 49 4d 55 5f 50 4f 53 5f 58 0 0 9 
ck:ec c4 
head:fd 19 0 0 ea 1 1 16 0 0 
payload:0 0 0 0 8b 2 e7 0 45 4b 46 32 5f 49 4d 55 5f 50 4f 53 5f 59 0 0 9 
ck:58 89 
head:fd 19 0 0 eb 1 1 16 0 0 
payload:0 0 0 0 8b 2 e8 0 45 4b 46 32 5f 49 4d 55 5f 50 4f 53 5f 5a 0 0 9 
ck:a0 25 
head:fd 19 0 0 ec 1 1 16 0 0 
payload:0 0 0 0 8b 2 e9 0 45 4b 46 32 5f 4d 41 47 42 49 41 53 5f 49 44 0 6 
ck:f1 e1 
head:fd 19 0 0 ed 1 1 16 0 0 
payload:0 0 0 0 8b 2 ea 0 45 4b 46 32 5f 4d 41 47 42 49 41 53 5f 58 0 0 9 
ck:ef a7 
head:fd 19 0 0 ee 1 1 16 0 0 
payload:0 0 0 0 8b 2 eb 0 45 4b 46 32 5f 4d 41 47 42 49 41 53 5f 59 0 0 9 
ck:5b ea 
head:fd 19 0 0 ef 1 1 16 0 0 
payload:0 0 0 0 8b 2 ec 0 45 4b 46 32 5f 4d 41 47 42 49 41 53 5f 5a 0 0 9 
ck:75 8c 
head:fd 19 0 0 f0 1 1 16 0 0 
payload:cd cc 4c 3e 8b 2 ed 0 45 4b 46 32 5f 4d 41 47 42 5f 4b 0 0 0 0 0 9 
ck:d3 2 
head:fd 19 0 0 f1 1 1 16 0 0 
payload:bd 37 86 34 8b 2 ee 0 45 4b 46 32 5f 4d 41 47 42 5f 56 52 45 46 0 0 9 
ck:59 30 
head:fd 19 0 0 f2 1 1 16 0 0 
payload:0 0 0 3f 8b 2 ef 0 45 4b 46 32 5f 4d 41 47 5f 41 43 43 4c 49 4d 0 9 
ck:bd 91 
head:fd 19 0 0 f3 1 1 16 0 0 
payload:17 b7 d1 38 8b 2 f0 0 45 4b 46 32 5f 4d 41 47 5f 42 5f 4e 4f 49 53 45 9 
ck:f9 86 
head:fd 19 0 0 f4 1 1 16 0 0 
payload:0 0 0 0 8b 2 f1 0 45 4b 46 32 5f 4d 41 47 5f 43 48 45 43 4b 0 0 6 
ck:8e d8 
head:fd 19 0 0 f5 1 1 16 0 0 
payload:0 0 0 0 8b 2 f2 0 45 4b 46 32 5f 4d 41 47 5f 44 45 43 4c 0 0 0 9 
ck:7a f5 
head:fd 19 0 0 f6 1 1 16 0 0 
payload:0 0 0 0 8b 2 f3 0 45 4b 46 32 5f 4d 41 47 5f 44 45 4c 41 59 0 0 9 
ck:a7 bb 
head:fd 19 0 0 f7 1 1 16 0 0 
payload:6f 12 83 3a 8b 2 f4 0 45 4b 46 32 5f 4d 41 47 5f 45 5f 4e 4f 49 53 45 9 
ck:65 72 
head:fd 19 0 0 f8 1 1 16 0 0 
payload:0 0 40 40 8b 2 f5 0 45 4b 46 32 5f 4d 41 47 5f 47 41 54 45 0 0 0 9 
ck:7c 67 
head:fd 19 0 0 f9 1 1 16 0 0 
payload:cd cc 4c 3d 8b 2 f6 0 45 4b 46 32 5f 4d 41 47 5f 4e 4f 49 53 45 0 0 9 
ck:7a d4 
head:fd 19 0 0 fa 1 1 16 0 0 
payload:0 0 0 0 8b 2 f7 0 45 4b 46 32 5f 4d 41 47 5f 54 59 50 45 0 0 0 6 
ck:c9 84 
head:fd 19 0 0 fb 1 1 16 0 0 
payload:0 0 80 3e 8b 2 f8 0 45 4b 46 32 5f 4d 41 47 5f 59 41 57 4c 49 4d 0 9 
ck:6a cc 
head:fd 19 0 0 fc 1 1 16 0 0 
payload:14 0 0 0 8b 2 f9 0 45 4b 46 32 5f 4d 49 4e 5f 4f 42 53 5f 44 54 0 6 
ck:a9 ff 
head:fd 19 0 0 fd 1 1 16 0 0 
payload:cd cc cc 3d 8b 2 fa 0 45 4b 46 32 5f 4d 49 4e 5f 52 4e 47 0 0 0 0 9 
ck:2a 9e 
head:fd 19 0 0 fe 1 1 16 0 0 
payload:0 0 80 3f 8b 2 fb 0 45 4b 46 32 5f 4d 4f 56 45 5f 54 45 53 54 0 0 9 
ck:32 84 
head:fd 19 0 0 ff 1 1 16 0 0 
payload:3 0 0 0 8b 2 fc 0 45 4b 46 32 5f 4d 55 4c 54 49 5f 49 4d 55 0 0 6 
ck:70 fc 
head:fd 19 0 0 0 1 1 16 0 0 
payload:2 0 0 0 8b 2 fd 0 45 4b 46 32 5f 4d 55 4c 54 49 5f 4d 41 47 0 0 6 
ck:e 7c 
head:fd 19 0 0 1 1 1 16 0 0 
payload:0 0 20 41 8b 2 fe 0 45 4b 46 32 5f 4e 4f 41 49 44 5f 4e 4f 49 53 45 9 
ck:3f 13 
head:fd 19 0 0 2 1 1 16 0 0 
payload:40 4b 4c 0 8b 2 ff 0 45 4b 46 32 5f 4e 4f 41 49 44 5f 54 4f 55 54 0 6 
ck:41 c1 
head:fd 19 0 0 3 1 1 16 0 0 
payload:0 0 a0 41 8b 2 0 1 45 4b 46 32 5f 4f 46 5f 44 45 4c 41 59 0 0 0 9 
ck:51 75 
head:fd 19 0 0 4 1 1 16 0 0 
payload:0 0 40 40 8b 2 1 1 45 4b 46 32 5f 4f 46 5f 47 41 54 45 0 0 0 0 9 
ck:7c c8 
head:fd 19 0 0 5 1 1 16 0 0 
payload:0 0 0 3f 8b 2 2 1 45 4b 46 32 5f 4f 46 5f 4e 5f 4d 41 58 0 0 0 9 
ck:d2 e1 
head:fd 19 0 0 6 1 1 16 0 0 
payload:9a 99 19 3e 8b 2 3 1 45 4b 46 32 5f 4f 46 5f 4e 5f 4d 49 4e 0 0 0 9 
ck:1 11 
head:fd 19 0 0 7 1 1 16 0 0 
payload:0 0 0 0 8b 2 4 1 45 4b 46 32 5f 4f 46 5f 50 4f 53 5f 58 0 0 0 9 
ck:19 8f 
head:fd 19 0 0 8 1 1 16 0 0 
payload:0 0 0 0 8b 2 5 1 45 4b 46 32 5f 4f 46 5f 50 4f 53 5f 59 0 0 0 9 
ck:78 bb 
head:fd 19 0 0 9 1 1 16 0 0 
payload:0 0 0 0 8b 2 6 1 45 4b 46 32 5f 4f 46 5f 50 4f 53 5f 5a 0 0 0 9 
ck:8c a9 
head:fd 19 0 0 a 1 1 16 0 0 
payload:1 0 0 0 8b 2 7 1 45 4b 46 32 5f 4f 46 5f 51 4d 49 4e 0 0 0 0 6 
ck:e1 28 
head:fd 19 0 0 b 1 1 16 0 0 
payload:0 0 0 0 8b 2 8 1 45 4b 46 32 5f 50 43 4f 45 46 5f 58 4e 0 0 0 9 
ck:6d 12 
head:fd 19 0 0 c 1 1 16 0 0 
payload:0 0 0 0 8b 2 9 1 45 4b 46 32 5f 50 43 4f 45 46 5f 58 50 0 0 0 9 
ck:16 fa 
head:fd 19 0 0 d 1 1 16 0 0 
payload:0 0 0 0 8b 2 a 1 45 4b 46 32 5f 50 43 4f 45 46 5f 59 4e 0 0 0 9 
ck:58 0 
head:fd 19 0 0 e 1 1 16 0 0 
payload:0 0 0 0 8b 2 b 1 45 4b 46 32 5f 50 43 4f 45 46 5f 59 50 0 0 0 9 
ck:ba 3d 
head:fd 19 0 0 f 1 1 16 0 0 
payload:0 0 0 0 8b 2 c 1 45 4b 46 32 5f 50 43 4f 45 46 5f 5a 0 0 0 0 9 
ck:57 ae 
head:fd 19 0 0 10 1 1 16 0 0 
payload:0 0 40 40 8b 2 d 1 45 4b 46 32 5f 52 45 51 5f 45 50 48 0 0 0 0 9 
ck:92 ea 
head:fd 19 0 0 11 1 1 16 0 0 
payload:0 0 a0 40 8b 2 e 1 45 4b 46 32 5f 52 45 51 5f 45 50 56 0 0 0 0 9 
ck:52 57 
head:fd 19 0 0 12 1 1 16 0 0 
payload:0 0 0 3f 8b 2 f 1 45 4b 46 32 5f 52 45 51 5f 47 50 53 5f 48 0 0 9 
ck:ec a3 
head:fd 19 0 0 13 1 1 16 0 0 
payload:cd cc cc 3d 8b 2 10 1 45 4b 46 32 5f 52 45 51 5f 48 44 52 49 46 54 0 9 
ck:89 b1 
head:fd 19 0 0 14 1 1 16 0 0 
payload:6 0 0 0 8b 2 11 1 45 4b 46 32 5f 52 45 51 5f 4e 53 41 54 53 0 0 6 
ck:63 63 
head:fd 19 0 0 15 1 1 16 0 0 
payload:0 0 20 40 8b 2 12 1 45 4b 46 32 5f 52 45 51 5f 50 44 4f 50 0 0 0 9 
ck:9c 4 
head:fd 19 0 0 16 1 1 16 0 0 
payload:0 0 0 3f 8b 2 13 1 45 4b 46 32 5f 52 45 51 5f 53 41 43 43 0 0 0 9 
ck:4c 3 
head:fd 19 0 0 17 1 1 16 0 0 
payload:cd cc 4c 3e 8b 2 14 1 45 4b 46 32 5f 52 45 51 5f 56 44 52 49 46 54 0 9 
ck:9c 77 
head:fd 19 0 0 18 1 1 16 0 0 
payload:0 0 0 0 8b 2 15 1 45 4b 46 32 5f 52 4e 47 5f 41 49 44 0 0 0 0 6 
ck:3 e5 
head:fd 19 0 0 19 1 1 16 0 0 
payload:0 0 a0 40 8b 2 16 1 45 4b 46 32 5f 52 4e 47 5f 41 5f 48 4d 41 58 0 9 
ck:33 da 
head:fd 19 0 0 1a 1 1 16 0 0 
payload:0 0 80 3f 8b 2 17 1 45 4b 46 32 5f 52 4e 47 5f 41 5f 49 47 41 54 45 9 
ck:f6 7d 
head:fd 19 0 0 1b 1 1 16 0 0 
payload:0 0 80 3f 8b 2 18 1 45 4b 46 32 5f 52 4e 47 5f 41 5f 56 4d 41 58 0 9 
ck:e e1 
head:fd 19 0 0 1c 1 1 16 0 0 
payload:0 0 a0 40 8b 2 19 1 45 4b 46 32 5f 52 4e 47 5f 44 45 4c 41 59 0 0 9 
ck:1 31 
head:fd 19 0 0 1d 1 1 16 0 0 
payload:0 0 a0 40 8b 2 1a 1 45 4b 46 32 5f 52 4e 47 5f 47 41 54 45 0 0 0 9 
ck:de b0 
head:fd 19 0 0 1e 1 1 16 0 0 
payload:cd cc cc 3d 8b 2 1b 1 45 4b 46 32 5f 52 4e 47 5f 4e 4f 49 53 45 0 0 9 
ck:ec b 
head:fd 19 0 0 1f 1 1 16 0 0 
payload:0 0 0 0 8b 2 1c 1 45 4b 46 32 5f 52 4e 47 5f 50 49 54 43 48 0 0 9 
ck:7a ad 
head:fd 19 0 0 20 1 1 16 0 0 
payload:0 0 0 0 8b 2 1d 1 45 4b 46 32 5f 52 4e 47 5f 50 4f 53 5f 58 0 0 9 
ck:64 52 
head:fd 19 0 0 21 1 1 16 0 0 
payload:0 0 0 0 8b 2 1e 1 45 4b 46 32 5f 52 4e 47 5f 50 4f 53 5f 59 0 0 9 
ck:a9 47 
head:fd 19 0 0 22 1 1 16 0 0 
payload:0 0 0 0 8b 2 1f 1 45 4b 46 32 5f 52 4e 47 5f 50 4f 53 5f 5a 0 0 9 
ck:95 1c 
head:fd 19 0 0 23 1 1 16 0 0 
payload:cd cc 4c 3d 8b 2 20 1 45 4b 46 32 5f 52 4e 47 5f 53 46 45 0 0 0 0 9 
ck:7f 51 
head:fd 19 0 0 24 1 1 16 0 0 
payload:cd cc 4c 3e 8b 2 21 1 45 4b 46 32 5f 53 45 4c 5f 45 52 52 5f 52 45 44 9 
ck:e3 fd 
head:fd 19 0 0 25 1 1 16 0 0 
payload:0 0 80 3f 8b 2 22 1 45 4b 46 32 5f 53 45 4c 5f 49 4d 55 5f 41 43 43 9 
ck:71 94 
head:fd 19 0 0 26 1 1 16 0 0 
payload:0 0 70 41 8b 2 23 1 45 4b 46 32 5f 53 45 4c 5f 49 4d 55 5f 41 4e 47 9 
ck:38 70 
head:fd 19 0 0 27 1 1 16 0 0 
payload:0 0 e0 40 8b 2 24 1 45 4b 46 32 5f 53 45 4c 5f 49 4d 55 5f 52 41 54 9 
ck:6e af 
head:fd 19 0 0 28 1 1 16 0 0 
payload:0 0 0 40 8b 2 25 1 45 4b 46 32 5f 53 45 4c 5f 49 4d 55 5f 56 45 4c 9 
ck:2e 13 
head:fd 19 0 0 29 1 1 16 0 0 
payload:0 0 40 40 8b 2 26 1 45 4b 46 32 5f 54 41 53 5f 47 41 54 45 0 0 0 9 
ck:fe 9c 
head:fd 19 0 0 2a 1 1 16 0 0 
payload:0 0 80 3e 8b 2 27 1 45 4b 46 32 5f 54 41 55 5f 50 4f 53 0 0 0 0 9 
ck:35 3e 
head:fd 19 0 0 2b 1 1 16 0 0 
payload:0 0 80 3e 8b 2 28 1 45 4b 46 32 5f 54 41 55 5f 56 45 4c 0 0 0 0 9 
ck:f0 a1 
head:fd 19 0 0 2c 1 1 16 0 0 
payload:0 0 0 3f 8b 2 29 1 45 4b 46 32 5f 54 45 52 52 5f 47 52 41 44 0 0 9 
ck:c6 cb 
head:fd 19 0 0 2d 1 1 16 0 0 
payload:3 0 0 0 8b 2 2a 1 45 4b 46 32 5f 54 45 52 52 5f 4d 41 53 4b 0 0 6 
ck:71 b5 
head:fd 19 0 0 2e 1 1 16 0 0 
payload:0 0 a0 40 8b 2 2b 1 45 4b 46 32 5f 54 45 52 52 5f 4e 4f 49 53 45 0 9 
ck:e3 46 
head:fd 19 0 0 2f 1 1 16 0 0 
payload:cd cc cc 3d 8b 2 2c 1 45 4b 46 32 5f 57 49 4e 44 5f 4e 4f 49 53 45 0 9 
ck:14 4c 
head:fd 19 0 0 30 1 1 16 0 0 
payload:1 0 0 0 8b 2 2d 1 46 44 5f 45 53 43 53 5f 45 4e 0 0 0 0 0 0 6 
ck:67 7c 
head:fd 19 0 0 31 1 1 16 0 0 
payload:0 0 0 0 8b 2 2e 1 46 44 5f 45 58 54 5f 41 54 53 5f 45 4e 0 0 0 6 
ck:ac 39 
head:fd 19 0 0 32 1 1 16 0 0 
payload:6c 7 0 0 8b 2 2f 1 46 44 5f 45 58 54 5f 41 54 53 5f 54 52 49 47 0 6 
ck:bb 39 
head:fd 19 0 0 33 1 1 16 0 0 
payload:3c 0 0 0 8b 2 30 1 46 44 5f 46 41 49 4c 5f 50 0 0 0 0 0 0 0 6 
ck:ab 5f 
head:fd 19 0 0 34 1 1 16 0 0 
payload:9a 99 99 3e 8b 2 31 1 46 44 5f 46 41 49 4c 5f 50 5f 54 54 52 49 0 0 9 
ck:8a d9 
head:fd 19 0 0 35 1 1 16 0 0 
payload:3c 0 0 0 8b 2 32 1 46 44 5f 46 41 49 4c 5f 52 0 0 0 0 0 0 0 6 
ck:5 8a 
head:fd 19 0 0 36 1 1 16 0 0 
payload:9a 99 99 3e 8b 2 33 1 46 44 5f 46 41 49 4c 5f 52 5f 54 54 52 49 0 0 9 
ck:bd d9 
head:fd 19 0 0 37 1 1 16 0 0 
payload:1 0 0 0 8b 2 34 1 47 46 5f 41 43 54 49 4f 4e 0 0 0 0 0 0 0 6 
ck:5d 90 
head:fd 19 0 0 38 1 1 16 0 0 
payload:0 0 0 0 8b 2 35 1 47 46 5f 41 4c 54 4d 4f 44 45 0 0 0 0 0 0 6 
ck:c9 52 
head:fd 19 0 0 39 1 1 16 0 0 
payload:ff ff ff ff 8b 2 36 1 47 46 5f 43 4f 55 4e 54 0 0 0 0 0 0 0 0 6 
ck:52 b8 
head:fd 19 0 0 3a 1 1 16 0 0 
payload:0 0 0 0 8b 2 37 1 47 46 5f 4d 41 58 5f 48 4f 52 5f 44 49 53 54 0 9 
ck:51 da 
head:fd 19 0 0 3b 1 1 16 0 0 
payload:0 0 0 0 8b 2 38 1 47 46 5f 4d 41 58 5f 56 45 52 5f 44 49 53 54 0 9 
ck:9a 62 
head:fd 19 0 0 3c 1 1 16 0 0 
payload:0 0 0 0 8b 2 39 1 47 46 5f 53 4f 55 52 43 45 0 0 0 0 0 0 0 6 
ck:c1 5b 
head:fd 19 0 0 3d 1 1 16 0 0 
payload:0 0 0 0 8b 2 3a 1 47 50 53 5f 44 55 4d 50 5f 43 4f 4d 4d 0 0 0 6 
ck:b4 8b 
head:fd 19 0 0 3e 1 1 16 0 0 
payload:0 0 40 40 8b 2 3b 1 48 54 45 5f 41 43 43 5f 47 41 54 45 0 0 0 0 9 
ck:e1 70 
head:fd 19 0 0 3f 1 1 16 0 0 
payload:cd cc cc 3d 8b 2 3c 1 48 54 45 5f 48 54 5f 45 52 52 5f 49 4e 49 54 0 9 
ck:36 90 
head:fd 19 0 0 40 1 1 16 0 0 
payload:fa ed 6b 3b 8b 2 3d 1 48 54 45 5f 48 54 5f 4e 4f 49 53 45 0 0 0 0 9 
ck:2c 8d 
head:fd 19 0 0 41 1 1 16 0 0 
payload:0 0 f0 41 8b 2 3e 1 49 4d 55 5f 41 43 43 45 4c 5f 43 55 54 4f 46 46 9 
ck:64 b9 
head:fd 19 0 0 42 1 1 16 0 0 
payload:0 0 f0 41 8b 2 3f 1 49 4d 55 5f 44 47 59 52 4f 5f 43 55 54 4f 46 46 9 
ck:36 dc 
head:fd 19 0 0 43 1 1 16 0 0 
payload:0 0 f0 41 8b 2 40 1 49 4d 55 5f 47 59 52 4f 5f 43 55 54 4f 46 46 0 9 
ck:e8 5d 
head:fd 19 0 0 44 1 1 16 0 0 
payload:0 0 a0 41 8b 2 41 1 49 4d 55 5f 47 59 52 4f 5f 4e 46 5f 42 57 0 0 9 
ck:ec 4f 
head:fd 19 0 0 45 1 1 16 0 0 
payload:0 0 0 0 8b 2 42 1 49 4d 55 5f 47 59 52 4f 5f 4e 46 5f 46 52 45 51 9 
ck:f d7 
head:fd 19 0 0 46 1 1 16 0 0 
payload:0 0 0 0 8b 2 43 1 49 4d 55 5f 47 59 52 4f 5f 52 41 54 45 4d 41 58 6 
ck:33 7b 
head:fd 19 0 0 47 1 1 16 0 0 
payload:fa 0 0 0 8b 2 44 1 49 4d 55 5f 49 4e 54 45 47 5f 52 41 54 45 0 0 6 
ck:c1 9d 
head:fd 19 0 0 48 1 1 16 0 0 
payload:0 0 80 bf 8b 2 45 1 4c 4e 44 4d 43 5f 41 4c 54 5f 4d 41 58 0 0 0 9 
ck:4d 43 
head:fd 19 0 0 49 1 1 16 0 0 
payload:0 0 a0 41 8b 2 46 1 4c 4e 44 4d 43 5f 52 4f 54 5f 4d 41 58 0 0 0 9 
ck:3f 97 
head:fd 19 0 0 4a 1 1 16 0 0 
payload:0 0 c0 3f 8b 2 47 1 4c 4e 44 4d 43 5f 58 59 5f 56 45 4c 5f 4d 41 58 9 
ck:2a 89 
head:fd 19 0 0 4b 1 1 16 0 0 
payload:0 0 0 3f 8b 2 48 1 4c 4e 44 4d 43 5f 5a 5f 56 45 4c 5f 4d 41 58 0 9 
ck:44 f0 
head:fd 19 0 0 4c 1 1 16 0 0 
payload:0 0 0 0 8b 2 49 1 4c 4e 44 5f 46 4c 49 47 48 54 5f 54 5f 48 49 0 6 
ck:f3 71 
head:fd 19 0 0 4d 1 1 16 0 0 
payload:a0 2f 42 2 8b 2 4a 1 4c 4e 44 5f 46 4c 49 47 48 54 5f 54 5f 4c 4f 0 6 
ck:e8 90 
head:fd 19 0 0 4e 1 1 16 0 0 
payload:0 0 0 0 8b 2 4b 1 4d 41 56 5f 42 52 4f 41 44 43 41 53 54 0 0 0 6 
ck:89 c5 
head:fd 19 0 0 4f 1 1 16 0 0 
payload:1 0 0 0 8b 2 4c 1 4d 41 56 5f 43 4f 4d 50 5f 49 44 0 0 0 0 0 6 
ck:30 79 
head:fd 19 0 0 50 1 1 16 0 0 
payload:1 0 0 0 8b 2 4d 1 4d 41 56 5f 46 57 44 45 58 54 53 50 0 0 0 0 6 
ck:f4 8b 
head:fd 19 0 0 51 1 1 16 0 0 
payload:1 0 0 0 8b 2 4e 1 4d 41 56 5f 48 41 53 48 5f 43 48 4b 5f 45 4e 0 6 
ck:d4 dc 
head:fd 19 0 0 52 1 1 16 0 0 
payload:1 0 0 0 8b 2 4f 1 4d 41 56 5f 48 42 5f 46 4f 52 57 5f 45 4e 0 0 6 
ck:7d 16 
head:fd 19 0 0 53 1 1 16 0 0 
payload:0 0 0 0 8b 2 50 1 4d 41 56 5f 4f 44 4f 4d 5f 4c 50 0 0 0 0 0 6 
ck:e6 7a 
head:fd 19 0 0 54 1 1 16 0 0 
payload:0 0 0 0 8b 2 51 1 4d 41 56 5f 50 52 4f 54 4f 5f 56 45 52 0 0 0 6 
ck:1e e6 
head:fd 19 0 0 55 1 1 16 0 0 
payload:5 0 0 0 8b 2 52 1 4d 41 56 5f 52 41 44 49 4f 5f 54 4f 55 54 0 0 6 
ck:f5 5c 
head:fd 19 0 0 56 1 1 16 0 0 
payload:0 0 0 0 8b 2 53 1 4d 41 56 5f 53 49 4b 5f 52 41 44 49 4f 5f 49 44 6 
ck:47 3 
head:fd 19 0 0 57 1 1 16 0 0 
payload:1 0 0 0 8b 2 54 1 4d 41 56 5f 53 59 53 5f 49 44 0 0 0 0 0 0 6 
ck:e 12 
head:fd 19 0 0 58 1 1 16 0 0 
payload:2 0 0 0 8b 2 55 1 4d 41 56 5f 54 59 50 45 0 0 0 0 0 0 0 0 6 
ck:f2 21 
head:fd 19 0 0 59 1 1 16 0 0 
payload:0 0 0 0 8b 2 56 1 4d 41 56 5f 55 53 45 48 49 4c 47 50 53 0 0 0 6 
ck:92 a2 
head:fd 19 0 0 5a 1 1 16 0 0 
payload:d7 a3 30 3f 8b 2 57 1 4d 43 5f 41 43 52 4f 5f 45 58 50 4f 0 0 0 0 9 
ck:a cb 
head:fd 19 0 0 5b 1 1 16 0 0 
payload:d7 a3 30 3f 8b 2 58 1 4d 43 5f 41 43 52 4f 5f 45 58 50 4f 5f 59 0 0 9 
ck:d0 23 
head:fd 19 0 0 5c 1 1 16 0 0 
payload:0 0 34 44 8b 2 59 1 4d 43 5f 41 43 52 4f 5f 50 5f 4d 41 58 0 0 0 9 
ck:fa fd 
head:fd 19 0 0 5d 1 1 16 0 0 
payload:0 0 34 44 8b 2 5a 1 4d 43 5f 41 43 52 4f 5f 52 5f 4d 41 58 0 0 0 9 
ck:3d bb 
head:fd 19 0 0 5e 1 1 16 0 0 
payload:33 33 33 3f 8b 2 5b 1 4d 43 5f 41 43 52 4f 5f 53 55 50 45 58 50 4f 0 9 
ck:3d 57 
head:fd 19 0 0 5f 1 1 16 0 0 
payload:33 33 33 3f 8b 2 5c 1 4d 43 5f 41 43 52 4f 5f 53 55 50 45 58 50 4f 59 9 
ck:22 33 
head:fd 19 0 0 60 1 1 16 0 0 
payload:0 0 7 44 8b 2 5d 1 4d 43 5f 41 43 52 4f 5f 59 5f 4d 41 58 0 0 0 9 
ck:3e 38 
head:fd 19 0 0 61 1 1 16 0 0 
payload:0 0 0 0 8b 2 5e 1 4d 43 5f 41 49 52 4d 4f 44 45 0 0 0 0 0 0 6 
ck:c c9 
head:fd 19 0 0 62 1 1 16 0 0 
payload:0 0 0 0 8b 2 5f 1 4d 43 5f 42 41 54 5f 53 43 41 4c 45 5f 45 4e 0 6 
ck:9b 91 
head:fd 19 0 0 63 1 1 16 0 0 
payload:0 0 0 0 8b 2 60 1 4d 43 5f 4d 41 4e 5f 54 49 4c 54 5f 54 41 55 0 9 
ck:6e 65 
head:fd 19 0 0 64 1 1 16 0 0 
payload:a6 9b 44 3b 8b 2 61 1 4d 43 5f 50 49 54 43 48 52 41 54 45 5f 44 0 0 9 
ck:24 db 
head:fd 19 0 0 65 1 1 16 0 0 
payload:0 0 0 0 8b 2 62 1 4d 43 5f 50 49 54 43 48 52 41 54 45 5f 46 46 0 9 
ck:39 4 
head:fd 19 0 0 66 1 1 16 0 0 
payload:cd cc 4c 3e 8b 2 63 1 4d 43 5f 50 49 54 43 48 52 41 54 45 5f 49 0 0 9 
ck:78 66 
head:fd 19 0 0 67 1 1 16 0 0 
payload:0 0 80 3f 8b 2 64 1 4d 43 5f 50 49 54 43 48 52 41 54 45 5f 4b 0 0 9 
ck:e7 7f 
head:fd 19 0 0 68 1 1 16 0 0 
payload:0 0 5c 43 8b 2 65 1 4d 43 5f 50 49 54 43 48 52 41 54 45 5f 4d 41 58 9 
ck:f4 f5 
head:fd 19 0 0 69 1 1 16 0 0 
payload:9a 99 19 3e 8b 2 66 1 4d 43 5f 50 49 54 43 48 52 41 54 45 5f 50 0 0 9 
ck:e1 50 
head:fd 19 0 0 6a 1 1 16 0 0 
payload:0 0 d0 40 8b 2 67 1 4d 43 5f 50 49 54 43 48 5f 50 0 0 0 0 0 0 9 
ck:b2 87 
head:fd 19 0 0 6b 1 1 16 0 0 
payload:9a 99 99 3e 8b 2 68 1 4d 43 5f 50 52 5f 49 4e 54 5f 4c 49 4d 0 0 0 9 
ck:b5 37 
head:fd 19 0 0 6c 1 1 16 0 0 
payload:cd cc 4c 3f 8b 2 69 1 4d 43 5f 52 41 54 54 5f 54 48 0 0 0 0 0 0 9 
ck:50 cf 
head:fd 19 0 0 6d 1 1 16 0 0 
payload:a6 9b 44 3b 8b 2 6a 1 4d 43 5f 52 4f 4c 4c 52 41 54 45 5f 44 0 0 0 9 
ck:29 85 
head:fd 19 0 0 6e 1 1 16 0 0 
payload:0 0 0 0 8b 2 6b 1 4d 43 5f 52 4f 4c 4c 52 41 54 45 5f 46 46 0 0 9 
ck:4 bb 
head:fd 19 0 0 6f 1 1 16 0 0 
payload:cd cc 4c 3e 8b 2 6c 1 4d 43 5f 52 4f 4c 4c 52 41 54 45 5f 49 0 0 0 9 
ck:b5 14 
head:fd 19 0 0 70 1 1 16 0 0 
payload:0 0 80 3f 8b 2 6d 1 4d 43 5f 52 4f 4c 4c 52 41 54 45 5f 4b 0 0 0 9 
ck:b 16 
head:fd 19 0 0 71 1 1 16 0 0 
payload:0 0 5c 43 8b 2 6e 1 4d 43 5f 52 4f 4c 4c 52 41 54 45 5f 4d 41 58 0 9 
ck:3c 24 
head:fd 19 0 0 72 1 1 16 0 0 
payload:9a 99 19 3e 8b 2 6f 1 4d 43 5f 52 4f 4c 4c 52 41 54 45 5f 50 0 0 0 9 
ck:8e d3 
head:fd 19 0 0 73 1 1 16 0 0 
payload:0 0 d0 40 8b 2 70 1 4d 43 5f 52 4f 4c 4c 5f 50 0 0 0 0 0 0 0 9 
ck:e4 88 
head:fd 19 0 0 74 1 1 16 0 0 
payload:9a 99 99 3e 8b 2 71 1 4d 43 5f 52 52 5f 49 4e 54 5f 4c 49 4d 0 0 0 9 
ck:97 8e 
head:fd 19 0 0 75 1 1 16 0 0 
payload:0 0 0 0 8b 2 72 1 4d 43 5f 59 41 57 52 41 54 45 5f 44 0 0 0 0 9 
ck:58 63 
head:fd 19 0 0 76 1 1 16 0 0 
payload:0 0 0 0 8b 2 73 1 4d 43 5f 59 41 57 52 41 54 45 5f 46 46 0 0 0 9 
ck:38 8 
head:fd 19 0 0 77 1 1 16 0 0 
payload:cd cc cc 3d 8b 2 74 1 4d 43 5f 59 41 57 52 41 54 45 5f 49 0 0 0 0 9 
ck:c3 31 
head:fd 19 0 0 78 1 1 16 0 0 
payload:0 0 80 3f 8b 2 75 1 4d 43 5f 59 41 57 52 41 54 45 5f 4b 0 0 0 0 9 
ck:61 10 
head:fd 19 0 0 79 1 1 16 0 0 
payload:0 0 48 43 8b 2 76 1 4d 43 5f 59 41 57 52 41 54 45 5f 4d 41 58 0 0 9 
ck:65 48 
head:fd 19 0 0 7a 1 1 16 0 0 
payload:cd cc 4c 3e 8b 2 77 1 4d 43 5f 59 41 57 52 41 54 45 5f 50 0 0 0 0 9 
ck:a6 ff 
head:fd 19 0 0 7b 1 1 16 0 0 
payload:33 33 33 40 8b 2 78 1 4d 43 5f 59 41 57 5f 50 0 0 0 0 0 0 0 0 9 
ck:9b cd 
head:fd 19 0 0 7c 1 1 16 0 0 
payload:cd cc cc 3e 8b 2 79 1 4d 43 5f 59 41 57 5f 57 45 49 47 48 54 0 0 0 9 
ck:9c e0 
head:fd 19 0 0 7d 1 1 16 0 0 
payload:9a 99 99 3e 8b 2 7a 1 4d 43 5f 59 52 5f 49 4e 54 5f 4c 49 4d 0 0 0 9 
ck:e7 70 
head:fd 19 0 0 7e 1 1 16 0 0 
payload:0 0 61 44 8b 2 7b 1 4d 49 53 5f 44 49 53 54 5f 31 57 50 0 0 0 0 9 
ck:95 5b 
head:fd 19 0 0 7f 1 1 16 0 0 
payload:0 0 61 44 8b 2 7c 1 4d 49 53 5f 44 49 53 54 5f 57 50 53 0 0 0 0 9 
ck:52 a1 
head:fd 19 0 0 80 1 1 16 0 0 
payload:0 0 80 bf 8b 2 7d 1 4d 49 53 5f 4c 54 52 4d 49 4e 5f 41 4c 54 0 0 9 
ck:4 ca 
head:fd 19 0 0 81 1 1 16 0 0 
payload:0 0 0 0 8b 2 7e 1 4d 49 53 5f 4d 4e 54 5f 59 41 57 5f 43 54 4c 0 6 
ck:f0 d9 
head:fd 19 0 0 82 1 1 16 0 0 
payload:0 0 20 40 8b 2 7f 1 4d 49 53 5f 54 41 4b 45 4f 46 46 5f 41 4c 54 0 9 
ck:5e 4 
head:fd 19 0 0 83 1 1 16 0 0 
payload:0 0 0 0 8b 2 80 1 4d 49 53 5f 54 41 4b 45 4f 46 46 5f 52 45 51 0 6 
ck:98 1a 
head:fd 19 0 0 84 1 1 16 0 0 
payload:0 0 40 41 8b 2 81 1 4d 49 53 5f 59 41 57 5f 45 52 52 0 0 0 0 0 9 
ck:d 24 
head:fd 19 0 0 85 1 1 16 0 0 
payload:0 0 80 bf 8b 2 82 1 4d 49 53 5f 59 41 57 5f 54 4d 54 0 0 0 0 0 9 
ck:23 86 
head:fd 19 0 0 86 1 1 16 0 0 
payload:ff ff ff ff 8b 2 83 1 4d 4e 54 5f 4d 4f 44 45 5f 49 4e 0 0 0 0 0 6 
ck:a0 ab 
head:fd 19 0 0 87 1 1 16 0 0 
payload:0 0 0 0 8b 2 84 1 4d 4f 54 5f 4f 52 44 45 52 49 4e 47 0 0 0 0 6 
ck:4f 8f 
head:fd 19 0 0 88 1 1 16 0 0 
payload:0 0 0 0 8b 2 85 1 4d 4f 54 5f 53 4c 45 57 5f 4d 41 58 0 0 0 0 9 
ck:5c 14 
head:fd 19 0 0 89 1 1 16 0 0 
payload:0 0 40 40 8b 2 86 1 4d 50 43 5f 41 43 43 5f 44 4f 57 4e 5f 4d 41 58 9 
ck:76 3c 
head:fd 19 0 0 8a 1 1 16 0 0 
payload:0 0 40 40 8b 2 87 1 4d 50 43 5f 41 43 43 5f 48 4f 52 0 0 0 0 0 9 
ck:e6 fa 
head:fd 19 0 0 8b 1 1 16 0 0 
payload:0 0 a0 40 8b 2 88 1 4d 50 43 5f 41 43 43 5f 48 4f 52 5f 4d 41 58 0 9 
ck:ee 7d 
head:fd 19 0 0 8c 1 1 16 0 0 
payload:0 0 80 40 8b 2 89 1 4d 50 43 5f 41 43 43 5f 55 50 5f 4d 41 58 0 0 9 
ck:71 4c 
head:fd 19 0 0 8d 1 1 16 0 0 
payload:0 0 0 0 8b 2 8a 1 4d 50 43 5f 41 4c 54 5f 4d 4f 44 45 0 0 0 0 6 
ck:63 2 
head:fd 19 0 0 8e 1 1 16 0 0 
payload:cd cc cc 3d 8b 2 8b 1 4d 50 43 5f 48 4f 4c 44 5f 44 5a 0 0 0 0 0 9 
ck:8a 4a 
head:fd 19 0 0 8f 1 1 16 0 0 
payload:cd cc 4c 3f 8b 2 8c 1 4d 50 43 5f 48 4f 4c 44 5f 4d 41 58 5f 58 59 0 9 
ck:d8 f6 
head:fd 19 0 0 90 1 1 16 0 0 
payload:9a 99 19 3f 8b 2 8d 1 4d 50 43 5f 48 4f 4c 44 5f 4d 41 58 5f 5a 0 0 9 
ck:a4 34 
head:fd 19 0 0 91 1 1 16 0 0 
payload:0 0 80 40 8b 2 8e 1 4d 50 43 5f 4a 45 52 4b 5f 41 55 54 4f 0 0 0 9 
ck:9d 86 
head:fd 19 0 0 92 1 1 16 0 0 
payload:0 0 0 41 8b 2 8f 1 4d 50 43 5f 4a 45 52 4b 5f 4d 41 58 0 0 0 0 9 
ck:3 a 
head:fd 19 0 0 93 1 1 16 0 0 
payload:0 0 20 41 8b 2 90 1 4d 50 43 5f 4c 41 4e 44 5f 41 4c 54 31 0 0 0 9 
ck:f5 80 
head:fd 19 0 0 94 1 1 16 0 0 
payload:0 0 a0 40 8b 2 91 1 4d 50 43 5f 4c 41 4e 44 5f 41 4c 54 32 0 0 0 9 
ck:c4 56 
head:fd 19 0 0 95 1 1 16 0 0 
payload:0 0 0 0 8b 2 92 1 4d 50 43 5f 4c 41 4e 44 5f 52 43 5f 48 45 4c 50 6 
ck:bb b4 
head:fd 19 0 0 96 1 1 16 0 0 
payload:33 33 33 3f 8b 2 93 1 4d 50 43 5f 4c 41 4e 44 5f 53 50 45 45 44 0 0 9 
ck:d1 26 
head:fd 19 0 0 97 1 1 16 0 0 
payload:0 0 20 41 8b 2 94 1 4d 50 43 5f 4c 41 4e 44 5f 56 45 4c 5f 58 59 0 9 
ck:73 5c 
head:fd 19 0 0 98 1 1 16 0 0 
payload:a d7 a3 3d 8b 2 95 1 4d 50 43 5f 4d 41 4e 54 48 52 5f 4d 49 4e 0 0 9 
ck:f8 88 
head:fd 19 0 0 99 1 1 16 0 0 
payload:0 0 c 42 8b 2 96 1 4d 50 43 5f 4d 41 4e 5f 54 49 4c 54 5f 4d 41 58 9 
ck:e2 70 
head:fd 19 0 0 9a 1 1 16 0 0 
payload:0 0 16 43 8b 2 97 1 4d 50 43 5f 4d 41 4e 5f 59 5f 4d 41 58 0 0 0 9 
ck:22 db 
head:fd 19 0 0 9b 1 1 16 0 0 
payload:a d7 a3 3d 8b 2 98 1 4d 50 43 5f 4d 41 4e 5f 59 5f 54 41 55 0 0 0 9 
ck:23 15 
head:fd 19 0 0 9c 1 1 16 0 0 
payload:4 0 0 0 8b 2 99 1 4d 50 43 5f 50 4f 53 5f 4d 4f 44 45 0 0 0 0 6 
ck:21 c6 
head:fd 19 0 0 9d 1 1 16 0 0 
payload:0 0 80 3f 8b 2 9a 1 4d 50 43 5f 53 50 4f 4f 4c 55 50 5f 54 49 4d 45 9 
ck:87 d2 
head:fd 19 0 0 9e 1 1 16 0 0 
payload:0 0 0 0 8b 2 9b 1 4d 50 43 5f 54 48 52 5f 43 55 52 56 45 0 0 0 6 
ck:e3 a 
head:fd 19 0 0 9f 1 1 16 0 0 
payload:0 0 0 3f 8b 2 9c 1 4d 50 43 5f 54 48 52 5f 48 4f 56 45 52 0 0 0 9 
ck:4c 6 
head:fd 19 0 0 a0 1 1 16 0 0 
payload:0 0 80 3f 8b 2 9d 1 4d 50 43 5f 54 48 52 5f 4d 41 58 0 0 0 0 0 9 
ck:e2 2c 
head:fd 19 0 0 a1 1 1 16 0 0 
payload:8f c2 f5 3d 8b 2 9e 1 4d 50 43 5f 54 48 52 5f 4d 49 4e 0 0 0 0 0 9 
ck:32 7f 
head:fd 19 0 0 a2 1 1 16 0 0 
payload:0 0 34 42 8b 2 9f 1 4d 50 43 5f 54 49 4c 54 4d 41 58 5f 41 49 52 0 9 
ck:5b e7 
head:fd 19 0 0 a3 1 1 16 0 0 
payload:0 0 40 41 8b 2 a0 1 4d 50 43 5f 54 49 4c 54 4d 41 58 5f 4c 4e 44 0 9 
ck:92 4e 
head:fd 19 0 0 a4 1 1 16 0 0 
payload:0 0 40 40 8b 2 a1 1 4d 50 43 5f 54 4b 4f 5f 52 41 4d 50 5f 54 0 0 9 
ck:82 e2 
head:fd 19 0 0 a5 1 1 16 0 0 
payload:0 0 c0 3f 8b 2 a2 1 4d 50 43 5f 54 4b 4f 5f 53 50 45 45 44 0 0 0 9 
ck:b2 32 
head:fd 19 0 0 a6 1 1 16 0 0 
payload:1 0 0 0 8b 2 a3 1 4d 50 43 5f 55 53 45 5f 48 54 45 0 0 0 0 0 6 
ck:13 e9 
head:fd 19 0 0 a7 1 1 16 0 0 
payload:0 0 a0 40 8b 2 a4 1 4d 50 43 5f 56 45 4c 44 5f 4c 50 0 0 0 0 0 9 
ck:e8 66 
head:fd 19 0 0 a8 1 1 16 0 0 
payload:0 0 20 41 8b 2 a5 1 4d 50 43 5f 56 45 4c 5f 4d 41 4e 55 41 4c 0 0 9 
ck:e4 f2 
head:fd 19 0 0 a9 1 1 16 0 0 
payload:0 0 a0 40 8b 2 a6 1 4d 50 43 5f 58 59 5f 43 52 55 49 53 45 0 0 0 9 
ck:44 f9 
head:fd 19 0 0 aa 1 1 16 0 0 
payload:9a 99 19 3f 8b 2 a7 1 4d 50 43 5f 58 59 5f 4d 41 4e 5f 45 58 50 4f 0 9 
ck:34 8f 
head:fd 19 0 0 ab 1 1 16 0 0 
payload:33 33 73 3f 8b 2 a8 1 4d 50 43 5f 58 59 5f 50 0 0 0 0 0 0 0 0 9 
ck:6b 67 
head:fd 19 0 0 ac 1 1 16 0 0 
payload:0 0 0 3f 8b 2 a9 1 4d 50 43 5f 58 59 5f 54 52 41 4a 5f 50 0 0 0 9 
ck:bb de 
head:fd 19 0 0 ad 1 1 16 0 0 
payload:cd cc 4c 3e 8b 2 aa 1 4d 50 43 5f 58 59 5f 56 45 4c 5f 44 5f 41 43 43 9 
ck:a9 e6 
head:fd 19 0 0 ae 1 1 16 0 0 
payload:cd cc cc 3e 8b 2 ab 1 4d 50 43 5f 58 59 5f 56 45 4c 5f 49 5f 41 43 43 9 
ck:fa 4e 
head:fd 19 0 0 af 1 1 16 0 0 
payload:0 0 40 41 8b 2 ac 1 4d 50 43 5f 58 59 5f 56 45 4c 5f 4d 41 58 0 0 9 
ck:50 4c 
head:fd 19 0 0 b0 1 1 16 0 0 
payload:66 66 e6 3f 8b 2 ad 1 4d 50 43 5f 58 59 5f 56 45 4c 5f 50 5f 41 43 43 9 
ck:da 13 
head:fd 19 0 0 b1 1 1 16 0 0 
payload:0 0 34 42 8b 2 ae 1 4d 50 43 5f 59 41 57 52 41 55 54 4f 5f 4d 41 58 9 
ck:ff 1 
head:fd 19 0 0 b2 1 1 16 0 0 
payload:9a 99 19 3f 8b 2 af 1 4d 50 43 5f 59 41 57 5f 45 58 50 4f 0 0 0 0 9 
ck:a8 72 
head:fd 19 0 0 b3 1 1 16 0 0 
payload:0 0 0 0 8b 2 b0 1 4d 50 43 5f 59 41 57 5f 4d 4f 44 45 0 0 0 0 6 
ck:72 1a 
head:fd 19 0 0 b4 1 1 16 0 0 
payload:9a 99 19 3f 8b 2 b1 1 4d 50 43 5f 5a 5f 4d 41 4e 5f 45 58 50 4f 0 0 9 
ck:e2 a0 
head:fd 19 0 0 b5 1 1 16 0 0 
payload:0 0 80 3f 8b 2 b2 1 4d 50 43 5f 5a 5f 50 0 0 0 0 0 0 0 0 0 9 
ck:1b 28 
head:fd 19 0 0 b6 1 1 16 0 0 
payload:0 0 0 0 8b 2 b3 1 4d 50 43 5f 5a 5f 56 45 4c 5f 44 5f 41 43 43 0 9 
ck:19 3e 
head:fd 19 0 0 b7 1 1 16 0 0 
payload:0 0 0 40 8b 2 b4 1 4d 50 43 5f 5a 5f 56 45 4c 5f 49 5f 41 43 43 0 9 
ck:75 97 
head:fd 19 0 0 b8 1 1 16 0 0 
payload:0 0 80 3f 8b 2 b5 1 4d 50 43 5f 5a 5f 56 45 4c 5f 4d 41 58 5f 44 4e 9 
ck:30 68 
head:fd 19 0 0 b9 1 1 16 0 0 
payload:0 0 40 40 8b 2 b6 1 4d 50 43 5f 5a 5f 56 45 4c 5f 4d 41 58 5f 55 50 9 
ck:9d 53 
head:fd 19 0 0 ba 1 1 16 0 0 
payload:0 0 80 40 8b 2 b7 1 4d 50 43 5f 5a 5f 56 45 4c 5f 50 5f 41 43 43 0 9 
ck:d1 c8 
head:fd 19 0 0 bb 1 1 16 0 0 
payload:0 0 0 40 8b 2 b8 1 4e 41 56 5f 41 43 43 5f 52 41 44 0 0 0 0 0 9 
ck:8e 37 
head:fd 19 0 0 bc 1 1 16 0 0 
payload:0 0 0 0 8b 2 b9 1 4e 41 56 5f 44 4c 4c 5f 41 43 54 0 0 0 0 0 6 
ck:c9 19 
head:fd 19 0 0 bd 1 1 16 0 0 
payload:1 0 0 0 8b 2 ba 1 4e 41 56 5f 46 4f 52 43 45 5f 56 54 0 0 0 0 6 
ck:81 ab 
head:fd 19 0 0 be 1 1 16 0 0 
payload:0 0 0 41 8b 2 bb 1 4e 41 56 5f 46 54 5f 44 53 54 0 0 0 0 0 0 9 
ck:d9 bc 
head:fd 19 0 0 bf 1 1 16 0 0 
payload:1 0 0 0 8b 2 bc 1 4e 41 56 5f 46 54 5f 46 53 0 0 0 0 0 0 0 6 
ck:9 e5 
head:fd 19 0 0 c0 1 1 16 0 0 
payload:0 0 0 3f 8b 2 bd 1 4e 41 56 5f 46 54 5f 52 53 0 0 0 0 0 0 0 9 
ck:6 f0 
head:fd 19 0 0 c1 1 1 16 0 0 
payload:0 0 a0 40 8b 2 be 1 4e 41 56 5f 46 57 5f 41 4c 54 4c 5f 52 41 44 0 9 
ck:4d da 
head:fd 19 0 0 c2 1 1 16 0 0 
payload:0 0 20 41 8b 2 bf 1 4e 41 56 5f 46 57 5f 41 4c 54 5f 52 41 44 0 0 9 
ck:bd 26 
head:fd 19 0 0 c3 1 1 16 0 0 
payload:0 0 0 0 8b 2 c0 1 4e 41 56 5f 47 50 53 46 5f 4c 54 0 0 0 0 0 9 
ck:48 69 
head:fd 19 0 0 c4 1 1 16 0 0 
payload:0 0 0 0 8b 2 c1 1 4e 41 56 5f 47 50 53 46 5f 50 0 0 0 0 0 0 9 
ck:cd 6d 
head:fd 19 0 0 c5 1 1 16 0 0 
payload:0 0 70 41 8b 2 c2 1 4e 41 56 5f 47 50 53 46 5f 52 0 0 0 0 0 0 9 
ck:7c c5 
head:fd 19 0 0 c6 1 1 16 0 0 
payload:0 0 0 0 8b 2 c3 1 4e 41 56 5f 47 50 53 46 5f 54 52 0 0 0 0 0 9 
ck:b7 3f 
head:fd 19 0 0 c7 1 1 16 0 0 
payload:0 0 48 42 8b 2 c4 1 4e 41 56 5f 4c 4f 49 54 45 52 5f 52 41 44 0 0 9 
ck:f4 b 
head:fd 19 0 0 c8 1 1 16 0 0 
payload:cd cc 4c 3f 8b 2 c5 1 4e 41 56 5f 4d 43 5f 41 4c 54 5f 52 41 44 0 0 9 
ck:0 b4 
head:fd 19 0 0 c9 1 1 16 0 0 
payload:0 0 0 41 8b 2 c6 1 4e 41 56 5f 4d 49 4e 5f 46 54 5f 48 54 0 0 0 9 
ck:61 88 
head:fd 19 0 0 ca 1 1 16 0 0 
payload:2 0 0 0 8b 2 c7 1 4e 41 56 5f 52 43 4c 5f 41 43 54 0 0 0 0 0 6 
ck:0 6f 
head:fd 19 0 0 cb 1 1 16 0 0 
payload:1 0 0 0 8b 2 c8 1 4e 41 56 5f 54 52 41 46 46 5f 41 56 4f 49 44 0 6 
ck:64 94 
head:fd 19 0 0 cc 1 1 16 0 0 
payload:0 0 fa 43 8b 2 c9 1 4e 41 56 5f 54 52 41 46 46 5f 41 5f 52 41 44 4d 9 
ck:cd 56 
head:fd 19 0 0 cd 1 1 16 0 0 
payload:0 0 20 41 8b 2 ca 1 4e 41 56 5f 54 52 41 46 46 5f 41 5f 52 41 44 55 9 
ck:95 50 
head:fd 19 0 0 ce 1 1 16 0 0 
payload:0 0 a0 40 8b 2 cb 1 50 4c 44 5f 42 54 4f 55 54 0 0 0 0 0 0 0 9 
ck:63 a0 
head:fd 19 0 0 cf 1 1 16 0 0 
payload:cd cc cc 3d 8b 2 cc 1 50 4c 44 5f 46 41 50 50 52 5f 41 4c 54 0 0 0 9 
ck:c9 8b 
head:fd 19 0 0 d0 1 1 16 0 0 
payload:cd cc 4c 3e 8b 2 cd 1 50 4c 44 5f 48 41 43 43 5f 52 41 44 0 0 0 0 9 
ck:dd 2d 
head:fd 19 0 0 d1 1 1 16 0 0 
payload:3 0 0 0 8b 2 ce 1 50 4c 44 5f 4d 41 58 5f 53 52 43 48 0 0 0 0 6 
ck:6e 19 
head:fd 19 0 0 d2 1 1 16 0 0 
payload:0 0 20 41 8b 2 cf 1 50 4c 44 5f 53 52 43 48 5f 41 4c 54 0 0 0 0 9 
ck:56 3d 
head:fd 19 0 0 d3 1 1 16 0 0 
payload:0 0 20 41 8b 2 d0 1 50 4c 44 5f 53 52 43 48 5f 54 4f 55 54 0 0 0 9 
ck:9b d9 
head:fd 19 0 0 d4 1 1 16 0 0 
payload:0 0 0 0 8b 2 d1 1 52 43 31 30 5f 44 5a 0 0 0 0 0 0 0 0 0 9 
ck:d1 81 
head:fd 19 0 0 d5 1 1 16 0 0 
payload:0 0 fa 44 8b 2 d2 1 52 43 31 30 5f 4d 41 58 0 0 0 0 0 0 0 0 9 
ck:c6 0 
head:fd 19 0 0 d6 1 1 16 0 0 
payload:0 0 7a 44 8b 2 d3 1 52 43 31 30 5f 4d 49 4e 0 0 0 0 0 0 0 0 9 
ck:4 8 
head:fd 19 0 0 d7 1 1 16 0 0 
payload:0 0 80 3f 8b 2 d4 1 52 43 31 30 5f 52 45 56 0 0 0 0 0 0 0 0 9 
ck:7a 56 
head:fd 19 0 0 d8 1 1 16 0 0 
payload:0 80 bb 44 8b 2 d5 1 52 43 31 30 5f 54 52 49 4d 0 0 0 0 0 0 0 9 
ck:10 7b 
head:fd 19 0 0 d9 1 1 16 0 0 
payload:0 0 0 0 8b 2 d6 1 52 43 31 31 5f 44 5a 0 0 0 0 0 0 0 0 0 9 
ck:a3 c4 
head:fd 19 0 0 da 1 1 16 0 0 
payload:0 0 fa 44 8b 2 d7 1 52 43 31 31 5f 4d 41 58 0 0 0 0 0 0 0 0 9 
ck:cd 1d 
head:fd 19 0 0 db 1 1 16 0 0 
payload:0 0 7a 44 8b 2 d8 1 52 43 31 31 5f 4d 49 4e 0 0 0 0 0 0 0 0 9 
ck:cb e2 
head:fd 19 0 0 dc 1 1 16 0 0 
payload:0 0 80 3f 8b 2 d9 1 52 43 31 31 5f 52 45 56 0 0 0 0 0 0 0 0 9 
ck:3e 54 
head:fd 19 0 0 dd 1 1 16 0 0 
payload:0 80 bb 44 8b 2 da 1 52 43 31 31 5f 54 52 49 4d 0 0 0 0 0 0 0 9 
ck:97 57 
head:fd 19 0 0 de 1 1 16 0 0 
payload:0 0 0 0 8b 2 db 1 52 43 31 32 5f 44 5a 0 0 0 0 0 0 0 0 0 9 
ck:9 20 
head:fd 19 0 0 df 1 1 16 0 0 
payload:0 0 fa 44 8b 2 dc 1 52 43 31 32 5f 4d 41 58 0 0 0 0 0 0 0 0 9 
ck:75 c4 
head:fd 19 0 0 e0 1 1 16 0 0 
payload:0 0 7a 44 8b 2 dd 1 52 43 31 32 5f 4d 49 4e 0 0 0 0 0 0 0 0 9 
ck:f4 68 
head:fd 19 0 0 e1 1 1 16 0 0 
payload:0 0 80 3f 8b 2 de 1 52 43 31 32 5f 52 45 56 0 0 0 0 0 0 0 0 9 
ck:e1 53 
head:fd 19 0 0 e2 1 1 16 0 0 
payload:0 80 bb 44 8b 2 df 1 52 43 31 32 5f 54 52 49 4d 0 0 0 0 0 0 0 9 
ck:31 8 
head:fd 19 0 0 e3 1 1 16 0 0 
payload:0 0 0 0 8b 2 e0 1 52 43 31 33 5f 44 5a 0 0 0 0 0 0 0 0 0 9 
ck:e9 b6 
head:fd 19 0 0 e4 1 1 16 0 0 
payload:0 0 fa 44 8b 2 e1 1 52 43 31 33 5f 4d 41 58 0 0 0 0 0 0 0 0 9 
ck:1e ba 
head:fd 19 0 0 e5 1 1 16 0 0 
payload:0 0 7a 44 8b 2 e2 1 52 43 31 33 5f 4d 49 4e 0 0 0 0 0 0 0 0 9 
ck:a5 ea 
head:fd 19 0 0 e6 1 1 16 0 0 
payload:0 0 80 3f 8b 2 e3 1 52 43 31 33 5f 52 45 56 0 0 0 0 0 0 0 0 9 
ck:c9 89 
head:fd 19 0 0 e7 1 1 16 0 0 
payload:0 80 bb 44 8b 2 e4 1 52 43 31 33 5f 54 52 49 4d 0 0 0 0 0 0 0 9 
ck:b ef 
head:fd 19 0 0 e8 1 1 16 0 0 
payload:0 0 0 0 8b 2 e5 1 52 43 31 34 5f 44 5a 0 0 0 0 0 0 0 0 0 9 
ck:96 c6 
head:fd 19 0 0 e9 1 1 16 0 0 
payload:0 0 fa 44 8b 2 e6 1 52 43 31 34 5f 4d 41 58 0 0 0 0 0 0 0 0 9 
ck:81 47 
head:fd 19 0 0 ea 1 1 16 0 0 
payload:0 0 7a 44 8b 2 e7 1 52 43 31 34 5f 4d 49 4e 0 0 0 0 0 0 0 0 9 
ck:43 4f 
head:fd 19 0 0 eb 1 1 16 0 0 
payload:0 0 80 3f 8b 2 e8 1 52 43 31 34 5f 52 45 56 0 0 0 0 0 0 0 0 9 
ck:eb db 
head:fd 19 0 0 ec 1 1 16 0 0 
payload:0 80 bb 44 8b 2 e9 1 52 43 31 34 5f 54 52 49 4d 0 0 0 0 0 0 0 9 
ck:a2 55 
head:fd 19 0 0 ed 1 1 16 0 0 
payload:0 0 0 0 8b 2 ea 1 52 43 31 35 5f 44 5a 0 0 0 0 0 0 0 0 0 9 
ck:11 ea 
head:fd 19 0 0 ee 1 1 16 0 0 
payload:0 0 fa 44 8b 2 eb 1 52 43 31 35 5f 4d 41 58 0 0 0 0 0 0 0 0 9 
ck:7f 33 
head:fd 19 0 0 ef 1 1 16 0 0 
payload:0 0 7a 44 8b 2 ec 1 52 43 31 35 5f 4d 49 4e 0 0 0 0 0 0 0 0 9 
ck:af 6 
head:fd 19 0 0 f0 1 1 16 0 0 
payload:0 0 80 3f 8b 2 ed 1 52 43 31 35 5f 52 45 56 0 0 0 0 0 0 0 0 9 
ck:2e 5d 
head:fd 19 0 0 f1 1 1 16 0 0 
payload:0 80 bb 44 8b 2 ee 1 52 43 31 35 5f 54 52 49 4d 0 0 0 0 0 0 0 9 
ck:87 5e 
head:fd 19 0 0 f2 1 1 16 0 0 
payload:0 0 0 0 8b 2 ef 1 52 43 31 36 5f 44 5a 0 0 0 0 0 0 0 0 0 9 
ck:19 29 
head:fd 19 0 0 f3 1 1 16 0 0 
payload:0 0 fa 44 8b 2 f0 1 52 43 31 36 5f 4d 41 58 0 0 0 0 0 0 0 0 9 
ck:e 9a 
head:fd 19 0 0 f4 1 1 16 0 0 
payload:0 0 7a 44 8b 2 f1 1 52 43 31 36 5f 4d 49 4e 0 0 0 0 0 0 0 0 9 
ck:55 47 
head:fd 19 0 0 f5 1 1 16 0 0 
payload:0 0 80 3f 8b 2 f2 1 52 43 31 36 5f 52 45 56 0 0 0 0 0 0 0 0 9 
ck:40 7c 
head:fd 19 0 0 f6 1 1 16 0 0 
payload:0 80 bb 44 8b 2 f3 1 52 43 31 36 5f 54 52 49 4d 0 0 0 0 0 0 0 9 
ck:90 27 
head:fd 19 0 0 f7 1 1 16 0 0 
payload:0 0 0 0 8b 2 f4 1 52 43 31 37 5f 44 5a 0 0 0 0 0 0 0 0 0 9 
ck:48 fd 
head:fd 19 0 0 f8 1 1 16 0 0 
payload:0 0 fa 44 8b 2 f5 1 52 43 31 37 5f 4d 41 58 0 0 0 0 0 0 0 0 9 
ck:9c 52 
head:fd 19 0 0 f9 1 1 16 0 0 
payload:0 0 7a 44 8b 2 f6 1 52 43 31 37 5f 4d 49 4e 0 0 0 0 0 0 0 0 9 
ck:27 2 
head:fd 19 0 0 fa 1 1 16 0 0 
payload:0 0 80 3f 8b 2 f7 1 52 43 31 37 5f 52 45 56 0 0 0 0 0 0 0 0 9 
ck:4b 61 
head:fd 19 0 0 fb 1 1 16 0 0 
payload:0 80 bb 44 8b 2 f8 1 52 43 31 37 5f 54 52 49 4d 0 0 0 0 0 0 0 9 
ck:5f cd 
head:fd 19 0 0 fc 1 1 16 0 0 
payload:0 0 0 0 8b 2 f9 1 52 43 31 38 5f 44 5a 0 0 0 0 0 0 0 0 0 9 
ck:93 16 
head:fd 19 0 0 fd 1 1 16 0 0 
payload:0 0 fa 44 8b 2 fa 1 52 43 31 38 5f 4d 41 58 0 0 0 0 0 0 0 0 9 
ck:84 97 
head:fd 19 0 0 fe 1 1 16 0 0 
payload:0 0 7a 44 8b 2 fb 1 52 43 31 38 5f 4d 49 4e 0 0 0 0 0 0 0 0 9 
ck:46 9f 
head:fd 19 0 0 ff 1 1 16 0 0 
payload:0 0 80 3f 8b 2 fc 1 52 43 31 38 5f 52 45 56 0 0 0 0 0 0 0 0 9 
ck:38 c1 
head:fd 19 0 0 0 1 1 16 0 0 
payload:0 80 bb 44 8b 2 fd 1 52 43 31 38 5f 54 52 49 4d 0 0 0 0 0 0 0 9 
ck:7c 6d 
head:fd 19 0 0 1 1 1 16 0 0 
payload:0 0 20 41 8b 2 fe 1 52 43 31 5f 44 5a 0 0 0 0 0 0 0 0 0 0 9 
ck:db f7 
head:fd 19 0 0 2 1 1 16 0 0 
payload:0 0 fa 44 8b 2 ff 1 52 43 31 5f 4d 41 58 0 0 0 0 0 0 0 0 0 9 
ck:73 ef 
head:fd 19 0 0 3 1 1 16 0 0 
payload:0 0 7a 44 8b 2 0 2 52 43 31 5f 4d 49 4e 0 0 0 0 0 0 0 0 0 9 
ck:b0 19 
head:fd 19 0 0 4 1 1 16 0 0 
payload:0 0 80 3f 8b 2 1 2 52 43 31 5f 52 45 56 0 0 0 0 0 0 0 0 0 9 
ck:10 6f 
head:fd 19 0 0 5 1 1 16 0 0 
payload:0 80 bb 44 8b 2 2 2 52 43 31 5f 54 52 49 4d 0 0 0 0 0 0 0 0 9 
ck:ce 84 
head:fd 19 0 0 6 1 1 16 0 0 
payload:0 0 20 41 8b 2 3 2 52 43 32 5f 44 5a 0 0 0 0 0 0 0 0 0 0 9 
ck:48 e9 
head:fd 19 0 0 7 1 1 16 0 0 
payload:0 0 fa 44 8b 2 4 2 52 43 32 5f 4d 41 58 0 0 0 0 0 0 0 0 0 9 
ck:f2 cc 
head:fd 19 0 0 8 1 1 16 0 0 
payload:0 0 7a 44 8b 2 5 2 52 43 32 5f 4d 49 4e 0 0 0 0 0 0 0 0 0 9 
ck:29 3 
head:fd 19 0 0 9 1 1 16 0 0 
payload:0 0 80 3f 8b 2 6 2 52 43 32 5f 52 45 56 0 0 0 0 0 0 0 0 0 9 
ck:69 f8 
head:fd 19 0 0 a 1 1 16 0 0 
payload:0 80 bb 44 8b 2 7 2 52 43 32 5f 54 52 49 4d 0 0 0 0 0 0 0 0 9 
ck:ce 4b 
head:fd 19 0 0 b 1 1 16 0 0 
payload:0 0 20 41 8b 2 8 2 52 43 33 5f 44 5a 0 0 0 0 0 0 0 0 0 0 9 
ck:bd c5 
head:fd 19 0 0 c 1 1 16 0 0 
payload:0 0 fa 44 8b 2 9 2 52 43 33 5f 4d 41 58 0 0 0 0 0 0 0 0 0 9 
ck:8c 8 
head:fd 19 0 0 d 1 1 16 0 0 
payload:0 0 7a 44 8b 2 a 2 52 43 33 5f 4d 49 4e 0 0 0 0 0 0 0 0 0 9 
ck:94 e9 
head:fd 19 0 0 e 1 1 16 0 0 
payload:0 0 80 3f 8b 2 b 2 52 43 33 5f 52 45 56 0 0 0 0 0 0 0 0 0 9 
ck:ad 4a 
head:fd 19 0 0 f 1 1 16 0 0 
payload:0 80 bb 44 8b 2 c 2 52 43 33 5f 54 52 49 4d 0 0 0 0 0 0 0 0 9 
ck:18 c4 
head:fd 19 0 0 10 1 1 16 0 0 
payload:0 0 20 41 8b 2 d 2 52 43 34 5f 44 5a 0 0 0 0 0 0 0 0 0 0 9 
ck:11 b9 
head:fd 19 0 0 11 1 1 16 0 0 
payload:0 0 fa 44 8b 2 e 2 52 43 34 5f 4d 41 58 0 0 0 0 0 0 0 0 0 9 
ck:c0 f9 
head:fd 19 0 0 12 1 1 16 0 0 
payload:0 0 7a 44 8b 2 f 2 52 43 34 5f 4d 49 4e 0 0 0 0 0 0 0 0 0 9 
ck:a1 40 
head:fd 19 0 0 13 1 1 16 0 0 
payload:0 0 80 3f 8b 2 10 2 52 43 34 5f 52 45 56 0 0 0 0 0 0 0 0 0 9 
ck:e1 89 
head:fd 19 0 0 14 1 1 16 0 0 
payload:0 80 bb 44 8b 2 11 2 52 43 34 5f 54 52 49 4d 0 0 0 0 0 0 0 0 9 
ck:df ef 
head:fd 19 0 0 15 1 1 16 0 0 
payload:0 0 20 41 8b 2 12 2 52 43 35 5f 44 5a 0 0 0 0 0 0 0 0 0 0 9 
ck:11 ce 
head:fd 19 0 0 16 1 1 16 0 0 
payload:0 0 fa 44 8b 2 13 2 52 43 35 5f 4d 41 58 0 0 0 0 0 0 0 0 0 9 
ck:b9 d6 
head:fd 19 0 0 17 1 1 16 0 0 
payload:0 0 7a 44 8b 2 14 2 52 43 35 5f 4d 49 4e 0 0 0 0 0 0 0 0 0 9 
ck:ca 52 
head:fd 19 0 0 18 1 1 16 0 0 
payload:0 0 80 3f 8b 2 15 2 52 43 35 5f 52 45 56 0 0 0 0 0 0 0 0 0 9 
ck:49 87 
head:fd 19 0 0 19 1 1 16 0 0 
payload:0 80 bb 44 8b 2 16 2 52 43 35 5f 54 52 49 4d 0 0 0 0 0 0 0 0 9 
ck:97 6c 
head:fd 19 0 0 1a 1 1 16 0 0 
payload:0 0 20 41 8b 2 17 2 52 43 36 5f 44 5a 0 0 0 0 0 0 0 0 0 0 9 
ck:11 1 
head:fd 19 0 0 1b 1 1 16 0 0 
payload:0 0 fa 44 8b 2 18 2 52 43 36 5f 4d 41 58 0 0 0 0 0 0 0 0 0 9 
ck:7d ee 
head:fd 19 0 0 1c 1 1 16 0 0 
payload:0 0 7a 44 8b 2 19 2 52 43 36 5f 4d 49 4e 0 0 0 0 0 0 0 0 0 9 
ck:85 82 
head:fd 19 0 0 1d 1 1 16 0 0 
payload:0 0 80 3f 8b 2 1a 2 52 43 36 5f 52 45 56 0 0 0 0 0 0 0 0 0 9 
ck:c5 79 
head:fd 19 0 0 1e 1 1 16 0 0 
payload:0 80 bb 44 8b 2 1b 2 52 43 36 5f 54 52 49 4d 0 0 0 0 0 0 0 0 9 
ck:62 ca 
head:fd 19 0 0 1f 1 1 16 0 0 
payload:0 0 20 41 8b 2 1c 2 52 43 37 5f 44 5a 0 0 0 0 0 0 0 0 0 0 9 
ck:c7 8e 
head:fd 19 0 0 20 1 1 16 0 0 
payload:0 0 fa 44 8b 2 1d 2 52 43 37 5f 4d 41 58 0 0 0 0 0 0 0 0 0 9 
ck:2c 32 
head:fd 19 0 0 21 1 1 16 0 0 
payload:0 0 7a 44 8b 2 1e 2 52 43 37 5f 4d 49 4e 0 0 0 0 0 0 0 0 0 9 
ck:34 d3 
head:fd 19 0 0 22 1 1 16 0 0 
payload:0 0 80 3f 8b 2 1f 2 52 43 37 5f 52 45 56 0 0 0 0 0 0 0 0 0 9 
ck:d 70 
head:fd 19 0 0 23 1 1 16 0 0 
payload:0 80 bb 44 8b 2 20 2 52 43 37 5f 54 52 49 4d 0 0 0 0 0 0 0 0 9 
ck:b8 9a 
head:fd 19 0 0 24 1 1 16 0 0 
payload:0 0 20 41 8b 2 21 2 52 43 38 5f 44 5a 0 0 0 0 0 0 0 0 0 0 9 
ck:1 5a 
head:fd 19 0 0 25 1 1 16 0 0 
payload:0 0 fa 44 8b 2 22 2 52 43 38 5f 4d 41 58 0 0 0 0 0 0 0 0 0 9 
ck:d0 1a 
head:fd 19 0 0 26 1 1 16 0 0 
payload:0 0 7a 44 8b 2 23 2 52 43 38 5f 4d 49 4e 0 0 0 0 0 0 0 0 0 9 
ck:b1 a3 
head:fd 19 0 0 27 1 1 16 0 0 
payload:0 0 80 3f 8b 2 24 2 52 43 38 5f 52 45 56 0 0 0 0 0 0 0 0 0 9 
ck:9a 3d 
head:fd 19 0 0 28 1 1 16 0 0 
payload:0 80 bb 44 8b 2 25 2 52 43 38 5f 54 52 49 4d 0 0 0 0 0 0 0 0 9 
ck:87 f8 
head:fd 19 0 0 29 1 1 16 0 0 
payload:0 0 0 0 8b 2 26 2 52 43 39 5f 44 5a 0 0 0 0 0 0 0 0 0 0 9 
ck:e8 8 
head:fd 19 0 0 2a 1 1 16 0 0 
payload:0 0 fa 44 8b 2 27 2 52 43 39 5f 4d 41 58 0 0 0 0 0 0 0 0 0 9 
ck:e1 c1 
head:fd 19 0 0 2b 1 1 16 0 0 
payload:0 0 7a 44 8b 2 28 2 52 43 39 5f 4d 49 4e 0 0 0 0 0 0 0 0 0 9 
ck:44 8f 
head:fd 19 0 0 2c 1 1 16 0 0 
payload:0 0 80 3f 8b 2 29 2 52 43 39 5f 52 45 56 0 0 0 0 0 0 0 0 0 9 
ck:e4 f9 
head:fd 19 0 0 2d 1 1 16 0 0 
payload:0 80 bb 44 8b 2 2a 2 52 43 39 5f 54 52 49 4d 0 0 0 0 0 0 0 0 9 
ck:3a 12 
head:fd 19 0 0 2e 1 1 16 0 0 
payload:0 0 40 3f 8b 2 2b 2 52 43 5f 41 43 52 4f 5f 54 48 0 0 0 0 0 0 9 
ck:f3 d1 
head:fd 19 0 0 2f 1 1 16 0 0 
payload:0 0 40 3f 8b 2 2c 2 52 43 5f 41 52 4d 53 57 49 54 43 48 5f 54 48 0 9 
ck:7a 73 
head:fd 19 0 0 30 1 1 16 0 0 
payload:0 0 80 3e 8b 2 2d 2 52 43 5f 41 53 53 49 53 54 5f 54 48 0 0 0 0 9 
ck:dc ec 
head:fd 19 0 0 31 1 1 16 0 0 
payload:0 0 40 3f 8b 2 2e 2 52 43 5f 41 55 54 4f 5f 54 48 0 0 0 0 0 0 9 
ck:d1 f 
head:fd 19 0 0 32 1 1 16 0 0 
payload:0 0 0 0 8b 2 2f 2 52 43 5f 43 48 41 4e 5f 43 4e 54 0 0 0 0 0 6 
ck:26 7f 
head:fd 19 0 0 33 1 1 16 0 0 
payload:0 0 0 0 8b 2 30 2 52 43 5f 46 41 49 4c 53 5f 54 48 52 0 0 0 0 6 
ck:b4 5a 
head:fd 19 0 0 34 1 1 16 0 0 
payload:0 0 40 3f 8b 2 31 2 52 43 5f 47 45 41 52 5f 54 48 0 0 0 0 0 0 9 
ck:25 4e 
head:fd 19 0 0 35 1 1 16 0 0 
payload:0 0 40 3f 8b 2 32 2 52 43 5f 4b 49 4c 4c 53 57 49 54 43 48 5f 54 48 9 
ck:38 d4 
head:fd 19 0 0 36 1 1 16 0 0 
payload:0 0 40 3f 8b 2 33 2 52 43 5f 4c 4f 49 54 45 52 5f 54 48 0 0 0 0 9 
ck:96 e 
head:fd 19 0 0 37 1 1 16 0 0 
payload:0 0 40 3f 8b 2 34 2 52 43 5f 4d 41 4e 5f 54 48 0 0 0 0 0 0 0 9 
ck:92 30 
head:fd 19 0 0 38 1 1 16 0 0 
payload:0 0 0 0 8b 2 35 2 52 43 5f 4d 41 50 5f 41 43 52 4f 5f 53 57 0 0 6 
ck:5f 7d 
head:fd 19 0 0 39 1 1 16 0 0 
payload:0 0 0 0 8b 2 36 2 52 43 5f 4d 41 50 5f 41 52 4d 5f 53 57 0 0 0 6 
ck:ef 4b 
head:fd 19 0 0 3a 1 1 16 0 0 
payload:0 0 0 0 8b 2 37 2 52 43 5f 4d 41 50 5f 41 55 58 31 0 0 0 0 0 6 
ck:7b 21 
head:fd 19 0 0 3b 1 1 16 0 0 
payload:0 0 0 0 8b 2 38 2 52 43 5f 4d 41 50 5f 41 55 58 32 0 0 0 0 0 6 
ck:9f 1a 
head:fd 19 0 0 3c 1 1 16 0 0 
payload:0 0 0 0 8b 2 39 2 52 43 5f 4d 41 50 5f 41 55 58 33 0 0 0 0 0 6 
ck:49 8 
head:fd 19 0 0 3d 1 1 16 0 0 
payload:0 0 0 0 8b 2 3a 2 52 43 5f 4d 41 50 5f 41 55 58 34 0 0 0 0 0 6 
ck:ce 8a 
head:fd 19 0 0 3e 1 1 16 0 0 
payload:0 0 0 0 8b 2 3b 2 52 43 5f 4d 41 50 5f 41 55 58 35 0 0 0 0 0 6 
ck:81 4d 
head:fd 19 0 0 3f 1 1 16 0 0 
payload:0 0 0 0 8b 2 3c 2 52 43 5f 4d 41 50 5f 41 55 58 36 0 0 0 0 0 6 
ck:b3 bc 
head:fd 19 0 0 40 1 1 16 0 0 
payload:0 0 0 0 8b 2 3d 2 52 43 5f 4d 41 50 5f 46 41 49 4c 53 41 46 45 0 6 
ck:a7 ef 
head:fd 19 0 0 41 1 1 16 0 0 
payload:0 0 0 0 8b 2 3e 2 52 43 5f 4d 41 50 5f 46 4c 41 50 53 0 0 0 0 6 
ck:cc 9f 
head:fd 19 0 0 42 1 1 16 0 0 
payload:0 0 0 0 8b 2 3f 2 52 43 5f 4d 41 50 5f 46 4c 54 4d 4f 44 45 0 0 6 
ck:4d 44 
head:fd 19 0 0 43 1 1 16 0 0 
payload:0 0 0 0 8b 2 40 2 52 43 5f 4d 41 50 5f 47 45 41 52 5f 53 57 0 0 6 
ck:c0 3 
head:fd 19 0 0 44 1 1 16 0 0 
payload:0 0 0 0 8b 2 41 2 52 43 5f 4d 41 50 5f 4b 49 4c 4c 5f 53 57 0 0 6 
ck:44 cd 
head:fd 19 0 0 45 1 1 16 0 0 
payload:0 0 0 0 8b 2 42 2 52 43 5f 4d 41 50 5f 4c 4f 49 54 45 52 5f 53 57 6 
ck:8d 62 
head:fd 19 0 0 46 1 1 16 0 0 
payload:0 0 0 0 8b 2 43 2 52 43 5f 4d 41 50 5f 4d 41 4e 5f 53 57 0 0 0 6 
ck:b9 a7 
head:fd 19 0 0 47 1 1 16 0 0 
payload:0 0 0 0 8b 2 44 2 52 43 5f 4d 41 50 5f 4d 4f 44 45 5f 53 57 0 0 6 
ck:b3 20 
head:fd 19 0 0 48 1 1 16 0 0 
payload:0 0 0 0 8b 2 45 2 52 43 5f 4d 41 50 5f 4f 46 46 42 5f 53 57 0 0 6 
ck:21 f9 
head:fd 19 0 0 49 1 1 16 0 0 
payload:0 0 0 0 8b 2 46 2 52 43 5f 4d 41 50 5f 50 41 52 41 4d 31 0 0 0 6 
ck:de 4c 
head:fd 19 0 0 4a 1 1 16 0 0 
payload:0 0 0 0 8b 2 47 2 52 43 5f 4d 41 50 5f 50 41 52 41 4d 32 0 0 0 6 
ck:53 6 
head:fd 19 0 0 4b 1 1 16 0 0 
payload:0 0 0 0 8b 2 48 2 52 43 5f 4d 41 50 5f 50 41 52 41 4d 33 0 0 0 6 
ck:4c b3 
head:fd 19 0 0 4c 1 1 16 0 0 
payload:0 0 0 0 8b 2 49 2 52 43 5f 4d 41 50 5f 50 49 54 43 48 0 0 0 0 6 
ck:72 dd 
head:fd 19 0 0 4d 1 1 16 0 0 
payload:0 0 0 0 8b 2 4a 2 52 43 5f 4d 41 50 5f 50 4f 53 43 54 4c 5f 53 57 6 
ck:1e 15 
head:fd 19 0 0 4e 1 1 16 0 0 
payload:0 0 0 0 8b 2 4b 2 52 43 5f 4d 41 50 5f 52 41 54 54 5f 53 57 0 0 6 
ck:5 fb 
head:fd 19 0 0 4f 1 1 16 0 0 
payload:0 0 0 0 8b 2 4c 2 52 43 5f 4d 41 50 5f 52 45 54 55 52 4e 5f 53 57 6 
ck:f9 4d 
head:fd 19 0 0 50 1 1 16 0 0 
payload:0 0 0 0 8b 2 4d 2 52 43 5f 4d 41 50 5f 52 4f 4c 4c 0 0 0 0 0 6 
ck:2 eb 
head:fd 19 0 0 51 1 1 16 0 0 
payload:0 0 0 0 8b 2 4e 2 52 43 5f 4d 41 50 5f 53 54 41 42 5f 53 57 0 0 6 
ck:4e 30 
head:fd 19 0 0 52 1 1 16 0 0 
payload:0 0 0 0 8b 2 4f 2 52 43 5f 4d 41 50 5f 54 48 52 4f 54 54 4c 45 0 6 
ck:ee af 
head:fd 19 0 0 53 1 1 16 0 0 
payload:0 0 0 0 8b 2 50 2 52 43 5f 4d 41 50 5f 54 52 41 4e 53 5f 53 57 0 6 
ck:28 6 
head:fd 19 0 0 54 1 1 16 0 0 
payload:0 0 0 0 8b 2 51 2 52 43 5f 4d 41 50 5f 59 41 57 0 0 0 0 0 0 6 
ck:b3 c7 
head:fd 19 0 0 55 1 1 16 0 0 
payload:0 0 40 3f 8b 2 52 2 52 43 5f 4f 46 46 42 5f 54 48 0 0 0 0 0 0 9 
ck:25 77 
head:fd 19 0 0 56 1 1 16 0 0 
payload:0 0 40 3f 8b 2 53 2 52 43 5f 50 4f 53 43 54 4c 5f 54 48 0 0 0 0 9 
ck:38 b1 
head:fd 19 0 0 57 1 1 16 0 0 
payload:0 0 40 3f 8b 2 54 2 52 43 5f 52 41 54 54 5f 54 48 0 0 0 0 0 0 9 
ck:2a ea 
head:fd 19 0 0 58 1 1 16 0 0 
payload:0 0 40 3f 8b 2 55 2 52 43 5f 52 45 54 55 52 4e 5f 54 48 0 0 0 0 9 
ck:1c df 
head:fd 19 0 0 59 1 1 16 0 0 
payload:0 0 0 3f 8b 2 56 2 52 43 5f 53 54 41 42 5f 54 48 0 0 0 0 0 0 9 
ck:ed ec 
head:fd 19 0 0 5a 1 1 16 0 0 
payload:0 0 40 3f 8b 2 57 2 52 43 5f 54 52 41 4e 53 5f 54 48 0 0 0 0 0 9 
ck:12 33 
head:fd 19 0 0 5b 1 1 16 0 0 
payload:2d 0 0 0 8b 2 58 2 52 54 4c 5f 43 4f 4e 45 5f 41 4e 47 0 0 0 0 6 
ck:6e 59 
head:fd 19 0 0 5c 1 1 16 0 0 
payload:0 0 20 41 8b 2 59 2 52 54 4c 5f 44 45 53 43 45 4e 44 5f 41 4c 54 0 9 
ck:e 52 
head:fd 19 0 0 5d 1 1 16 0 0 
payload:0 0 0 0 8b 2 5a 2 52 54 4c 5f 4c 41 4e 44 5f 44 45 4c 41 59 0 0 9 
ck:f3 f5 
head:fd 19 0 0 5e 1 1 16 0 0 
payload:0 0 20 41 8b 2 5b 2 52 54 4c 5f 4d 49 4e 5f 44 49 53 54 0 0 0 0 9 
ck:ac cf 
head:fd 19 0 0 5f 1 1 16 0 0 
payload:0 0 0 0 8b 2 5c 2 52 54 4c 5f 50 4c 44 5f 4d 44 0 0 0 0 0 0 6 
ck:b2 a8 
head:fd 19 0 0 60 1 1 16 0 0 
payload:0 0 f0 41 8b 2 5d 2 52 54 4c 5f 52 45 54 55 52 4e 5f 41 4c 54 0 0 9 
ck:a7 d4 
head:fd 19 0 0 61 1 1 16 0 0 
payload:0 0 0 0 8b 2 5e 2 52 54 4c 5f 54 59 50 45 0 0 0 0 0 0 0 0 6 
ck:f4 e5 
head:fd 19 0 0 62 1 1 16 0 0 
payload:0 0 0 0 8b 2 5f 2 53 44 4c 4f 47 5f 42 4f 4f 54 5f 42 41 54 0 0 6 
ck:b1 42 
head:fd 19 0 0 63 1 1 16 0 0 
payload:7 0 0 0 8b 2 60 2 53 44 4c 4f 47 5f 44 49 52 53 5f 4d 41 58 0 0 6 
ck:9d 7d 
head:fd 19 0 0 64 1 1 16 0 0 
payload:0 0 0 0 8b 2 61 2 53 44 4c 4f 47 5f 4d 49 53 53 49 4f 4e 0 0 0 6 
ck:41 5c 
head:fd 19 0 0 65 1 1 16 0 0 
payload:1 0 0 0 8b 2 62 2 53 44 4c 4f 47 5f 4d 4f 44 45 0 0 0 0 0 0 6 
ck:b0 1b 
head:fd 19 0 0 66 1 1 16 0 0 
payload:83 0 0 0 8b 2 63 2 53 44 4c 4f 47 5f 50 52 4f 46 49 4c 45 0 0 0 6 
ck:87 72 
head:fd 19 0 0 67 1 1 16 0 0 
payload:0 0 0 0 8b 2 64 2 53 44 4c 4f 47 5f 55 54 43 5f 4f 46 46 53 45 54 6 
ck:a4 b9 
head:fd 19 0 0 68 1 1 16 0 0 
payload:1 0 0 0 8b 2 65 2 53 44 4c 4f 47 5f 55 55 49 44 0 0 0 0 0 0 6 
ck:7e d7 
head:fd 19 0 0 69 1 1 16 0 0 
payload:0 50 7d 44 8b 2 66 2 53 45 4e 53 5f 42 41 52 4f 5f 51 4e 48 0 0 0 9 
ck:1b e0 
head:fd 19 0 0 6a 1 1 16 0 0 
payload:0 0 a0 41 8b 2 67 2 53 45 4e 53 5f 42 41 52 4f 5f 52 41 54 45 0 0 9 
ck:9b 86 
head:fd 19 0 0 6b 1 1 16 0 0 
payload:0 0 0 0 8b 2 68 2 53 45 4e 53 5f 42 4f 41 52 44 5f 52 4f 54 0 0 6 
ck:8f 21 
head:fd 19 0 0 6c 1 1 16 0 0 
payload:bd 37 86 35 8b 2 69 2 53 45 4e 53 5f 42 4f 41 52 44 5f 58 5f 4f 46 46 9 
ck:70 1a 
head:fd 19 0 0 6d 1 1 16 0 0 
payload:0 0 0 0 8b 2 6a 2 53 45 4e 53 5f 42 4f 41 52 44 5f 59 5f 4f 46 46 9 
ck:bb 65 
head:fd 19 0 0 6e 1 1 16 0 0 
payload:0 0 0 0 8b 2 6b 2 53 45 4e 53 5f 42 4f 41 52 44 5f 5a 5f 4f 46 46 9 
ck:25 8b 
head:fd 19 0 0 6f 1 1 16 0 0 
payload:6f 12 83 3a 8b 2 6c 2 53 45 4e 53 5f 44 50 52 45 53 5f 4f 46 46 0 0 9 
ck:d2 f6 
head:fd 19 0 0 70 1 1 16 0 0 
payload:0 0 40 40 8b 2 6d 2 53 45 4e 53 5f 46 4c 4f 57 5f 4d 41 58 48 47 54 9 
ck:5d 7 
head:fd 19 0 0 71 1 1 16 0 0 
payload:0 0 20 40 8b 2 6e 2 53 45 4e 53 5f 46 4c 4f 57 5f 4d 41 58 52 0 0 9 
ck:65 10 
head:fd 19 0 0 72 1 1 16 0 0 
payload:33 33 33 3f 8b 2 6f 2 53 45 4e 53 5f 46 4c 4f 57 5f 4d 49 4e 48 47 54 9 
ck:c5 78 
head:fd 19 0 0 73 1 1 16 0 0 
payload:6 0 0 0 8b 2 70 2 53 45 4e 53 5f 46 4c 4f 57 5f 52 4f 54 0 0 0 6 
ck:8b 20 
head:fd 19 0 0 74 1 1 16 0 0 
payload:0 0 0 0 8b 2 71 2 53 45 4e 53 5f 47 50 53 5f 4d 41 53 4b 0 0 0 6 
ck:f0 27 
head:fd 19 0 0 75 1 1 16 0 0 
payload:0 0 20 41 8b 2 72 2 53 45 4e 53 5f 47 50 53 5f 54 41 55 0 0 0 0 9 
ck:8a d1 
head:fd 19 0 0 76 1 1 16 0 0 
payload:0 0 0 0 8b 2 73 2 53 45 4e 53 5f 49 4d 55 5f 4d 4f 44 45 0 0 0 6 
ck:11 5e 
head:fd 19 0 0 77 1 1 16 0 0 
payload:0 0 0 0 8b 2 74 2 53 45 4e 53 5f 4d 41 47 5f 4d 4f 44 45 0 0 0 6 
ck:ba e6 
head:fd 19 0 0 78 1 1 16 0 0 
payload:0 0 48 42 8b 2 75 2 53 45 4e 53 5f 4d 41 47 5f 52 41 54 45 0 0 0 9 
ck:e4 60 
head:fd 19 0 0 79 1 1 16 0 0 
payload:0 0 70 42 8b 2 76 2 53 49 4d 5f 42 41 54 5f 44 52 41 49 4e 0 0 0 9 
ck:71 95 
head:fd 19 0 0 7a 1 1 16 0 0 
payload:0 0 48 42 8b 2 77 2 53 49 4d 5f 42 41 54 5f 4d 49 4e 5f 50 43 54 0 9 
ck:4a fa 
head:fd 19 0 0 7b 1 1 16 0 0 
payload:0 0 0 0 8b 2 78 2 53 59 53 5f 41 55 54 4f 43 4f 4e 46 49 47 0 0 6 
ck:ce 56 
head:fd 19 0 0 7c 1 1 16 0 0 
payload:20 27 0 0 8b 2 79 2 53 59 53 5f 41 55 54 4f 53 54 41 52 54 0 0 0 6 
ck:b8 5d 
head:fd 19 0 0 7d 1 1 16 0 0 
payload:18 0 0 0 8b 2 7a 2 53 59 53 5f 43 41 4c 5f 54 44 45 4c 0 0 0 0 6 
ck:c8 cc 
head:fd 19 0 0 7e 1 1 16 0 0 
payload:a 0 0 0 8b 2 7b 2 53 59 53 5f 43 41 4c 5f 54 4d 41 58 0 0 0 0 6 
ck:13 53 
head:fd 19 0 0 7f 1 1 16 0 0 
payload:5 0 0 0 8b 2 7c 2 53 59 53 5f 43 41 4c 5f 54 4d 49 4e 0 0 0 0 6 
ck:3d c0 
head:fd 19 0 0 80 1 1 16 0 0 
payload:0 0 0 0 8b 2 7d 2 53 59 53 5f 46 41 43 5f 43 41 4c 5f 4d 4f 44 45 6 
ck:e8 b8 
head:fd 19 0 0 81 1 1 16 0 0 
payload:0 0 0 0 8b 2 7e 2 53 59 53 5f 46 41 49 4c 55 52 45 5f 45 4e 0 0 6 
ck:5c ef 
head:fd 19 0 0 82 1 1 16 0 0 
payload:1 0 0 0 8b 2 7f 2 53 59 53 5f 48 41 53 5f 42 41 52 4f 0 0 0 0 6 
ck:cc ec 
head:fd 19 0 0 83 1 1 16 0 0 
payload:1 0 0 0 8b 2 80 2 53 59 53 5f 48 41 53 5f 4d 41 47 0 0 0 0 0 6 
ck:63 e7 
head:fd 19 0 0 84 1 1 16 0 0 
payload:0 0 0 0 8b 2 81 2 53 59 53 5f 48 49 54 4c 0 0 0 0 0 0 0 0 6 
ck:d4 6f 
head:fd 19 0 0 85 1 1 16 0 0 
payload:2 0 0 0 8b 2 82 2 53 59 53 5f 4d 43 5f 45 53 54 5f 47 52 4f 55 50 6 
ck:88 a9 
head:fd 19 0 0 86 1 1 16 0 0 
payload:1 0 0 0 8b 2 83 2 53 59 53 5f 50 41 52 41 4d 5f 56 45 52 0 0 0 6 
ck:1e 29 
head:fd 19 0 0 87 1 1 16 0 0 
payload:2 0 0 0 8b 2 84 2 53 59 53 5f 52 45 53 54 41 52 54 5f 54 59 50 45 6 
ck:1e 4c 
head:fd 19 0 0 88 1 1 16 0 0 
payload:1 0 0 0 8b 2 85 2 53 59 53 5f 53 54 43 4b 5f 45 4e 0 0 0 0 0 6 
ck:aa b7 
head:fd 19 0 0 89 1 1 16 0 0 
payload:0 0 0 0 8b 2 86 2 54 48 52 5f 4d 44 4c 5f 46 41 43 0 0 0 0 0 9 
ck:db 53 
head:fd 19 0 0 8a 1 1 16 0 0 
payload:0 0 0 0 8b 2 87 2 54 52 49 47 5f 4d 4f 44 45 0 0 0 0 0 0 0 6 
ck:3d 21 
head:fd 19 0 0 8b 1 1 16 0 0 
payload:0 0 0 40 8b 2 88 2 56 54 5f 42 5f 44 45 43 5f 4d 53 53 0 0 0 0 9 
ck:2f f9 
head:fd 19 0 0 8c 1 1 16 0 0 
payload:0 0 0 0 8b 2 89 2 56 54 5f 42 5f 52 45 56 5f 44 45 4c 0 0 0 0 9 
ck:69 e7 
head:fd 19 0 0 8d 1 1 16 0 0 
payload:0 0 0 0 8b 2 8a 2 57 56 5f 45 4e 0 0 0 0 0 0 0 0 0 0 0 6 
ck:fb 25 
head:fd 83 0 0 8e 1 1 0 0 0 
payload:61 61 61 61 c5 c5 8b 8b 8b ff c5 c5 a5 c5 c5 7f fe ff 63 e0 80 fe 20 2 2 2 2 2 2 2 2 2 2 2 2 2 2 2 1d 9d 9d 9d 9d 9d b0 9d 64 9d 9d 9d 9d ff a7 9d 9d 9d c5 c5 a5 7f 1 fe ff 63 e0 80 fe 20 2 ff c5 c5 7f b9 23 c5 b6 c5 c5 c5 c5 e8 e6 c2 cd cd cd cd cd cd db 0 5b 5b 5b 5b 5b 5b 5b 5b 5b 5b 5b 5b 5b 5b 5b 5b e2 0 0 d6 61 0 0 61 41 61 d6 e2 94 e9 0 0 0 0 d6 61 d6 80 5b 
ck:5f 8c 
head:fd 83 0 0 8f 1 1 0 0 0 
payload:93 1 1 61 5e 61 61 61 e5 e5 53 61 61 61 61 61 61 61 5b 61 61 61 61 61 61 61 61 61 61 61 61 61 61 61 61 85 85 85 85 85 9d 9d 9d 9d b0 9d 64 9d 9d 9d 9d ff a7 9d 9d 9d c5 c5 a5 7f 1 fe ff 63 e0 80 fe 20 2 ff c5 c5 7f b9 23 c5 b6 c5 c5 c5 c5 e8 e6 c2 cd cd cd cd cd cd db 0 5b 5b 5b 5b 5b 5b 5b 5b 5b 5b 5b 5b 5b 5b 5b 5b e2 0 0 d6 61 0 0 61 41 61 d6 e2 94 e9 0 0 0 0 d6 61 d6 80 5b 
ck:a7 4f 
head:fd 83 0 0 90 1 1 0 0 0 
payload:ef 3f 0 2e 30 30 30 30 30 30 30 30 30 30 30 30 30 30 30 30 30 30 30 30 30 30 30 30 30 30 2e 46 30 f4 ff 5f 5f 5f 5f 5f 5f 5f 5f 5f 5f 5f 5f 5f 5f 5f 5f 5f 5f 5f 5f 5f 5f 5f 5f 5f 5f 4a 5f 63 e0 80 fe 20 2 ff c5 c5 7f b9 23 c5 b6 c5 c5 c5 c5 e8 e6 c2 cd cd cd cd cd cd db 0 5b 5b 5b 5b 5b 5b 5b 5b 5b 5b 5b 5b 5b 5b 5b 5b e2 0 0 d6 61 0 0 61 41 61 d6 e2 94 e9 0 0 0 0 d6 61 d6 80 5b 
ck:4 8b 
